{"/Users/vincentspeelman/Projects/react-shed/src/clean-props.js": {"path":"/Users/vincentspeelman/Projects/react-shed/src/clean-props.js","statementMap":{"0":{"start":{"line":6,"column":27},"end":{"line":6,"column":67}}},"fnMap":{"0":{"name":"(anonymous_0)","decl":{"start":{"line":6,"column":15},"end":{"line":6,"column":16}},"loc":{"start":{"line":6,"column":27},"end":{"line":6,"column":67}},"line":6}},"branchMap":{},"s":{"0":1},"f":{"0":1},"b":{},"_coverageSchema":"332fd63041d2c1bcb487cc26dd0d5f7d97098a6c","hash":"334d86b169c28242fb33e507598cb93c4fa7884b"}
,"/Users/vincentspeelman/Projects/react-shed/src/create-error.js": {"path":"/Users/vincentspeelman/Projects/react-shed/src/create-error.js","statementMap":{"0":{"start":{"line":6,"column":21},"end":{"line":6,"column":41}},"1":{"start":{"line":6,"column":29},"end":{"line":6,"column":41}},"2":{"start":{"line":7,"column":20},"end":{"line":7,"column":54}},"3":{"start":{"line":7,"column":27},"end":{"line":7,"column":54}},"4":{"start":{"line":10,"column":20},"end":{"line":19,"column":1}},"5":{"start":{"line":10,"column":45},"end":{"line":19,"column":1}},"6":{"start":{"line":22,"column":41},"end":{"line":22,"column":68}}},"fnMap":{"0":{"name":"(anonymous_0)","decl":{"start":{"line":6,"column":21},"end":{"line":6,"column":22}},"loc":{"start":{"line":6,"column":29},"end":{"line":6,"column":41}},"line":6},"1":{"name":"(anonymous_1)","decl":{"start":{"line":7,"column":20},"end":{"line":7,"column":21}},"loc":{"start":{"line":7,"column":27},"end":{"line":7,"column":54}},"line":7},"2":{"name":"(anonymous_2)","decl":{"start":{"line":10,"column":20},"end":{"line":10,"column":21}},"loc":{"start":{"line":10,"column":45},"end":{"line":19,"column":1}},"line":10},"3":{"name":"(anonymous_3)","decl":{"start":{"line":22,"column":21},"end":{"line":22,"column":22}},"loc":{"start":{"line":22,"column":41},"end":{"line":22,"column":68}},"line":22}},"branchMap":{"0":{"loc":{"start":{"line":10,"column":21},"end":{"line":10,"column":33}},"type":"default-arg","locations":[{"start":{"line":10,"column":31},"end":{"line":10,"column":33}}],"line":10}},"s":{"0":19,"1":69,"2":19,"3":10,"4":19,"5":10,"6":10},"f":{"0":69,"1":10,"2":10,"3":10},"b":{"0":[0]},"_coverageSchema":"332fd63041d2c1bcb487cc26dd0d5f7d97098a6c","hash":"e5a482756ed46bf41b5943c3b6c210e80ccfe185"}
,"/Users/vincentspeelman/Projects/react-shed/src/create-theme.js": {"path":"/Users/vincentspeelman/Projects/react-shed/src/create-theme.js","statementMap":{"0":{"start":{"line":9,"column":20},"end":{"line":80,"column":1}},"1":{"start":{"line":27,"column":25},"end":{"line":27,"column":27}},"2":{"start":{"line":29,"column":2},"end":{"line":31,"column":3}},"3":{"start":{"line":30,"column":4},"end":{"line":30,"column":67}},"4":{"start":{"line":33,"column":23},"end":{"line":42,"column":3}},"5":{"start":{"line":37,"column":27},"end":{"line":40,"column":5}},"6":{"start":{"line":44,"column":2},"end":{"line":46,"column":3}},"7":{"start":{"line":45,"column":4},"end":{"line":45,"column":57}},"8":{"start":{"line":48,"column":2},"end":{"line":50,"column":3}},"9":{"start":{"line":49,"column":4},"end":{"line":49,"column":43}},"10":{"start":{"line":52,"column":2},"end":{"line":58,"column":3}},"11":{"start":{"line":53,"column":4},"end":{"line":57,"column":7}},"12":{"start":{"line":60,"column":2},"end":{"line":62,"column":3}},"13":{"start":{"line":61,"column":4},"end":{"line":61,"column":45}},"14":{"start":{"line":64,"column":2},"end":{"line":71,"column":3}},"15":{"start":{"line":65,"column":4},"end":{"line":70,"column":7}},"16":{"start":{"line":73,"column":2},"end":{"line":79,"column":4}}},"fnMap":{"0":{"name":"(anonymous_0)","decl":{"start":{"line":9,"column":20},"end":{"line":9,"column":21}},"loc":{"start":{"line":26,"column":5},"end":{"line":80,"column":1}},"line":26},"1":{"name":"(anonymous_1)","decl":{"start":{"line":37,"column":11},"end":{"line":37,"column":12}},"loc":{"start":{"line":37,"column":27},"end":{"line":40,"column":5}},"line":37}},"branchMap":{"0":{"loc":{"start":{"line":10,"column":2},"end":{"line":25,"column":3}},"type":"default-arg","locations":[{"start":{"line":10,"column":14},"end":{"line":25,"column":3}}],"line":10},"1":{"loc":{"start":{"line":29,"column":2},"end":{"line":31,"column":3}},"type":"if","locations":[{"start":{"line":29,"column":2},"end":{"line":31,"column":3}},{"start":{"line":29,"column":2},"end":{"line":31,"column":3}}],"line":29},"2":{"loc":{"start":{"line":29,"column":6},"end":{"line":29,"column":59}},"type":"binary-expr","locations":[{"start":{"line":29,"column":6},"end":{"line":29,"column":21}},{"start":{"line":29,"column":25},"end":{"line":29,"column":59}}],"line":29},"3":{"loc":{"start":{"line":44,"column":2},"end":{"line":46,"column":3}},"type":"if","locations":[{"start":{"line":44,"column":2},"end":{"line":46,"column":3}},{"start":{"line":44,"column":2},"end":{"line":46,"column":3}}],"line":44},"4":{"loc":{"start":{"line":44,"column":6},"end":{"line":44,"column":59}},"type":"binary-expr","locations":[{"start":{"line":44,"column":6},"end":{"line":44,"column":21}},{"start":{"line":44,"column":25},"end":{"line":44,"column":59}}],"line":44},"5":{"loc":{"start":{"line":48,"column":2},"end":{"line":50,"column":3}},"type":"if","locations":[{"start":{"line":48,"column":2},"end":{"line":50,"column":3}},{"start":{"line":48,"column":2},"end":{"line":50,"column":3}}],"line":48},"6":{"loc":{"start":{"line":48,"column":6},"end":{"line":48,"column":59}},"type":"binary-expr","locations":[{"start":{"line":48,"column":6},"end":{"line":48,"column":21}},{"start":{"line":48,"column":25},"end":{"line":48,"column":59}}],"line":48},"7":{"loc":{"start":{"line":52,"column":2},"end":{"line":58,"column":3}},"type":"if","locations":[{"start":{"line":52,"column":2},"end":{"line":58,"column":3}},{"start":{"line":52,"column":2},"end":{"line":58,"column":3}}],"line":52},"8":{"loc":{"start":{"line":52,"column":6},"end":{"line":52,"column":59}},"type":"binary-expr","locations":[{"start":{"line":52,"column":6},"end":{"line":52,"column":21}},{"start":{"line":52,"column":25},"end":{"line":52,"column":59}}],"line":52},"9":{"loc":{"start":{"line":60,"column":2},"end":{"line":62,"column":3}},"type":"if","locations":[{"start":{"line":60,"column":2},"end":{"line":62,"column":3}},{"start":{"line":60,"column":2},"end":{"line":62,"column":3}}],"line":60},"10":{"loc":{"start":{"line":60,"column":6},"end":{"line":60,"column":61}},"type":"binary-expr","locations":[{"start":{"line":60,"column":6},"end":{"line":60,"column":22}},{"start":{"line":60,"column":26},"end":{"line":60,"column":61}}],"line":60},"11":{"loc":{"start":{"line":64,"column":2},"end":{"line":71,"column":3}},"type":"if","locations":[{"start":{"line":64,"column":2},"end":{"line":71,"column":3}},{"start":{"line":64,"column":2},"end":{"line":71,"column":3}}],"line":64},"12":{"loc":{"start":{"line":64,"column":6},"end":{"line":64,"column":61}},"type":"binary-expr","locations":[{"start":{"line":64,"column":6},"end":{"line":64,"column":22}},{"start":{"line":64,"column":26},"end":{"line":64,"column":61}}],"line":64}},"s":{"0":1,"1":3,"2":3,"3":1,"4":3,"5":0,"6":3,"7":0,"8":3,"9":1,"10":3,"11":1,"12":2,"13":1,"14":2,"15":1,"16":1},"f":{"0":3,"1":0},"b":{"0":[0],"1":[1,2],"2":[3,1],"3":[0,3],"4":[3,1],"5":[1,2],"6":[3,2],"7":[1,2],"8":[3,2],"9":[1,1],"10":[2,2],"11":[1,1],"12":[2,2]},"_coverageSchema":"332fd63041d2c1bcb487cc26dd0d5f7d97098a6c","hash":"9eaefe3da47458ad71c85582365feebbc06d9ec1"}
,"/Users/vincentspeelman/Projects/react-shed/src/get-margin-and-padding.js": {"path":"/Users/vincentspeelman/Projects/react-shed/src/get-margin-and-padding.js","statementMap":{"0":{"start":{"line":8,"column":27},"end":{"line":95,"column":1}},"1":{"start":{"line":9,"column":2},"end":{"line":93,"column":3}},"2":{"start":{"line":10,"column":23},"end":{"line":10,"column":28}},"3":{"start":{"line":11,"column":4},"end":{"line":13,"column":5}},"4":{"start":{"line":12,"column":6},"end":{"line":12,"column":68}},"5":{"start":{"line":15,"column":4},"end":{"line":17,"column":5}},"6":{"start":{"line":16,"column":6},"end":{"line":16,"column":41}},"7":{"start":{"line":19,"column":4},"end":{"line":21,"column":5}},"8":{"start":{"line":20,"column":6},"end":{"line":20,"column":28}},"9":{"start":{"line":23,"column":4},"end":{"line":25,"column":5}},"10":{"start":{"line":24,"column":6},"end":{"line":24,"column":43}},"11":{"start":{"line":27,"column":4},"end":{"line":92,"column":5}},"12":{"start":{"line":29,"column":8},"end":{"line":31,"column":10}},"13":{"start":{"line":33,"column":8},"end":{"line":36,"column":10}},"14":{"start":{"line":38,"column":8},"end":{"line":41,"column":10}},"15":{"start":{"line":43,"column":8},"end":{"line":45,"column":10}},"16":{"start":{"line":47,"column":8},"end":{"line":49,"column":10}},"17":{"start":{"line":51,"column":8},"end":{"line":53,"column":10}},"18":{"start":{"line":55,"column":8},"end":{"line":57,"column":10}},"19":{"start":{"line":60,"column":8},"end":{"line":62,"column":10}},"20":{"start":{"line":64,"column":8},"end":{"line":67,"column":10}},"21":{"start":{"line":69,"column":8},"end":{"line":72,"column":10}},"22":{"start":{"line":74,"column":8},"end":{"line":76,"column":10}},"23":{"start":{"line":78,"column":8},"end":{"line":80,"column":10}},"24":{"start":{"line":82,"column":8},"end":{"line":84,"column":10}},"25":{"start":{"line":86,"column":8},"end":{"line":88,"column":10}},"26":{"start":{"line":91,"column":8},"end":{"line":91,"column":20}},"27":{"start":{"line":94,"column":2},"end":{"line":94,"column":15}},"28":{"start":{"line":97,"column":28},"end":{"line":130,"column":1}},"29":{"start":{"line":98,"column":23},"end":{"line":113,"column":3}},"30":{"start":{"line":115,"column":2},"end":{"line":128,"column":3}},"31":{"start":{"line":116,"column":4},"end":{"line":127,"column":13}},"32":{"start":{"line":118,"column":8},"end":{"line":123,"column":9}},"33":{"start":{"line":119,"column":10},"end":{"line":122,"column":12}},"34":{"start":{"line":124,"column":8},"end":{"line":124,"column":19}},"35":{"start":{"line":129,"column":2},"end":{"line":129,"column":12}},"36":{"start":{"line":132,"column":39},"end":{"line":132,"column":72}}},"fnMap":{"0":{"name":"(anonymous_0)","decl":{"start":{"line":8,"column":27},"end":{"line":8,"column":28}},"loc":{"start":{"line":8,"column":65},"end":{"line":95,"column":1}},"line":8},"1":{"name":"(anonymous_1)","decl":{"start":{"line":97,"column":28},"end":{"line":97,"column":29}},"loc":{"start":{"line":97,"column":46},"end":{"line":130,"column":1}},"line":97},"2":{"name":"(anonymous_2)","decl":{"start":{"line":117,"column":13},"end":{"line":117,"column":14}},"loc":{"start":{"line":117,"column":28},"end":{"line":125,"column":7}},"line":117},"3":{"name":"(anonymous_3)","decl":{"start":{"line":132,"column":21},"end":{"line":132,"column":22}},"loc":{"start":{"line":132,"column":39},"end":{"line":132,"column":72}},"line":132}},"branchMap":{"0":{"loc":{"start":{"line":8,"column":34},"end":{"line":8,"column":46}},"type":"default-arg","locations":[{"start":{"line":8,"column":42},"end":{"line":8,"column":46}}],"line":8},"1":{"loc":{"start":{"line":8,"column":48},"end":{"line":8,"column":60}},"type":"default-arg","locations":[{"start":{"line":8,"column":56},"end":{"line":8,"column":60}}],"line":8},"2":{"loc":{"start":{"line":9,"column":2},"end":{"line":93,"column":3}},"type":"if","locations":[{"start":{"line":9,"column":2},"end":{"line":93,"column":3}},{"start":{"line":9,"column":2},"end":{"line":93,"column":3}}],"line":9},"3":{"loc":{"start":{"line":11,"column":4},"end":{"line":13,"column":5}},"type":"if","locations":[{"start":{"line":11,"column":4},"end":{"line":13,"column":5}},{"start":{"line":11,"column":4},"end":{"line":13,"column":5}}],"line":11},"4":{"loc":{"start":{"line":15,"column":4},"end":{"line":17,"column":5}},"type":"if","locations":[{"start":{"line":15,"column":4},"end":{"line":17,"column":5}},{"start":{"line":15,"column":4},"end":{"line":17,"column":5}}],"line":15},"5":{"loc":{"start":{"line":15,"column":8},"end":{"line":15,"column":38}},"type":"binary-expr","locations":[{"start":{"line":15,"column":8},"end":{"line":15,"column":21}},{"start":{"line":15,"column":25},"end":{"line":15,"column":38}}],"line":15},"6":{"loc":{"start":{"line":19,"column":4},"end":{"line":21,"column":5}},"type":"if","locations":[{"start":{"line":19,"column":4},"end":{"line":21,"column":5}},{"start":{"line":19,"column":4},"end":{"line":21,"column":5}}],"line":19},"7":{"loc":{"start":{"line":23,"column":4},"end":{"line":25,"column":5}},"type":"if","locations":[{"start":{"line":23,"column":4},"end":{"line":25,"column":5}},{"start":{"line":23,"column":4},"end":{"line":25,"column":5}}],"line":23},"8":{"loc":{"start":{"line":23,"column":8},"end":{"line":23,"column":38}},"type":"binary-expr","locations":[{"start":{"line":23,"column":8},"end":{"line":23,"column":21}},{"start":{"line":23,"column":25},"end":{"line":23,"column":38}}],"line":23},"9":{"loc":{"start":{"line":27,"column":4},"end":{"line":92,"column":5}},"type":"switch","locations":[{"start":{"line":28,"column":6},"end":{"line":31,"column":10}},{"start":{"line":32,"column":6},"end":{"line":36,"column":10}},{"start":{"line":37,"column":6},"end":{"line":41,"column":10}},{"start":{"line":42,"column":6},"end":{"line":45,"column":10}},{"start":{"line":46,"column":6},"end":{"line":49,"column":10}},{"start":{"line":50,"column":6},"end":{"line":53,"column":10}},{"start":{"line":54,"column":6},"end":{"line":57,"column":10}},{"start":{"line":59,"column":6},"end":{"line":62,"column":10}},{"start":{"line":63,"column":6},"end":{"line":67,"column":10}},{"start":{"line":68,"column":6},"end":{"line":72,"column":10}},{"start":{"line":73,"column":6},"end":{"line":76,"column":10}},{"start":{"line":77,"column":6},"end":{"line":80,"column":10}},{"start":{"line":81,"column":6},"end":{"line":84,"column":10}},{"start":{"line":85,"column":6},"end":{"line":88,"column":10}},{"start":{"line":90,"column":6},"end":{"line":91,"column":20}}],"line":27},"10":{"loc":{"start":{"line":115,"column":2},"end":{"line":128,"column":3}},"type":"if","locations":[{"start":{"line":115,"column":2},"end":{"line":128,"column":3}},{"start":{"line":115,"column":2},"end":{"line":128,"column":3}}],"line":115},"11":{"loc":{"start":{"line":118,"column":8},"end":{"line":123,"column":9}},"type":"if","locations":[{"start":{"line":118,"column":8},"end":{"line":123,"column":9}},{"start":{"line":118,"column":8},"end":{"line":123,"column":9}}],"line":118}},"s":{"0":1,"1":18,"2":18,"3":18,"4":0,"5":18,"6":1,"7":18,"8":2,"9":18,"10":15,"11":17,"12":2,"13":2,"14":1,"15":1,"16":1,"17":1,"18":1,"19":2,"20":1,"21":1,"22":1,"23":1,"24":1,"25":1,"26":0,"27":0,"28":1,"29":18,"30":18,"31":18,"32":18,"33":18,"34":0,"35":0,"36":18},"f":{"0":18,"1":18,"2":18,"3":18},"b":{"0":[0],"1":[0],"2":[18,0],"3":[0,18],"4":[1,17],"5":[18,2],"6":[2,16],"7":[15,3],"8":[18,16],"9":[2,2,1,1,1,1,1,2,1,1,1,1,1,1,0],"10":[18,0],"11":[18,0]},"_coverageSchema":"332fd63041d2c1bcb487cc26dd0d5f7d97098a6c","hash":"bd87277531ed3b8b1364ef3295d8f19d42d21841"}
,"/Users/vincentspeelman/Projects/react-shed/src/get-prop-for-ac.js": {"path":"/Users/vincentspeelman/Projects/react-shed/src/get-prop-for-ac.js","statementMap":{"0":{"start":{"line":4,"column":27},"end":{"line":52,"column":1}},"1":{"start":{"line":5,"column":2},"end":{"line":49,"column":3}},"2":{"start":{"line":6,"column":4},"end":{"line":48,"column":5}},"3":{"start":{"line":8,"column":8},"end":{"line":8,"column":28}},"4":{"start":{"line":10,"column":8},"end":{"line":10,"column":28}},"5":{"start":{"line":12,"column":8},"end":{"line":12,"column":26}},"6":{"start":{"line":14,"column":8},"end":{"line":14,"column":26}},"7":{"start":{"line":16,"column":8},"end":{"line":16,"column":24}},"8":{"start":{"line":18,"column":8},"end":{"line":18,"column":25}},"9":{"start":{"line":20,"column":8},"end":{"line":20,"column":31}},"10":{"start":{"line":22,"column":8},"end":{"line":22,"column":31}},"11":{"start":{"line":24,"column":8},"end":{"line":24,"column":30}},"12":{"start":{"line":26,"column":8},"end":{"line":26,"column":30}},"13":{"start":{"line":28,"column":8},"end":{"line":28,"column":30}},"14":{"start":{"line":30,"column":8},"end":{"line":30,"column":30}},"15":{"start":{"line":32,"column":8},"end":{"line":32,"column":25}},"16":{"start":{"line":34,"column":8},"end":{"line":34,"column":25}},"17":{"start":{"line":37,"column":8},"end":{"line":47,"column":19}},"18":{"start":{"line":51,"column":2},"end":{"line":51,"column":15}}},"fnMap":{"0":{"name":"(anonymous_0)","decl":{"start":{"line":4,"column":27},"end":{"line":4,"column":28}},"loc":{"start":{"line":4,"column":45},"end":{"line":52,"column":1}},"line":4}},"branchMap":{"0":{"loc":{"start":{"line":4,"column":28},"end":{"line":4,"column":40}},"type":"default-arg","locations":[{"start":{"line":4,"column":36},"end":{"line":4,"column":40}}],"line":4},"1":{"loc":{"start":{"line":5,"column":2},"end":{"line":49,"column":3}},"type":"if","locations":[{"start":{"line":5,"column":2},"end":{"line":49,"column":3}},{"start":{"line":5,"column":2},"end":{"line":49,"column":3}}],"line":5},"2":{"loc":{"start":{"line":6,"column":4},"end":{"line":48,"column":5}},"type":"switch","locations":[{"start":{"line":7,"column":6},"end":{"line":8,"column":28}},{"start":{"line":9,"column":6},"end":{"line":10,"column":28}},{"start":{"line":11,"column":6},"end":{"line":12,"column":26}},{"start":{"line":13,"column":6},"end":{"line":14,"column":26}},{"start":{"line":15,"column":6},"end":{"line":16,"column":24}},{"start":{"line":17,"column":6},"end":{"line":18,"column":25}},{"start":{"line":19,"column":6},"end":{"line":20,"column":31}},{"start":{"line":21,"column":6},"end":{"line":22,"column":31}},{"start":{"line":23,"column":6},"end":{"line":24,"column":30}},{"start":{"line":25,"column":6},"end":{"line":26,"column":30}},{"start":{"line":27,"column":6},"end":{"line":28,"column":30}},{"start":{"line":29,"column":6},"end":{"line":30,"column":30}},{"start":{"line":31,"column":6},"end":{"line":32,"column":25}},{"start":{"line":33,"column":6},"end":{"line":34,"column":25}},{"start":{"line":36,"column":6},"end":{"line":47,"column":19}}],"line":6}},"s":{"0":1,"1":6,"2":6,"3":1,"4":1,"5":1,"6":1,"7":0,"8":0,"9":0,"10":0,"11":0,"12":0,"13":0,"14":0,"15":0,"16":1,"17":1,"18":0},"f":{"0":6},"b":{"0":[0],"1":[6,0],"2":[1,1,1,1,0,0,0,0,0,0,0,0,0,1,1]},"_coverageSchema":"332fd63041d2c1bcb487cc26dd0d5f7d97098a6c","hash":"e45aa55213aeaca1e9862a977858377989e92b8f"}
,"/Users/vincentspeelman/Projects/react-shed/src/get-prop-for-ai.js": {"path":"/Users/vincentspeelman/Projects/react-shed/src/get-prop-for-ai.js","statementMap":{"0":{"start":{"line":4,"column":27},"end":{"line":40,"column":1}},"1":{"start":{"line":5,"column":2},"end":{"line":37,"column":3}},"2":{"start":{"line":6,"column":4},"end":{"line":36,"column":5}},"3":{"start":{"line":8,"column":8},"end":{"line":8,"column":28}},"4":{"start":{"line":10,"column":8},"end":{"line":10,"column":28}},"5":{"start":{"line":12,"column":8},"end":{"line":12,"column":26}},"6":{"start":{"line":14,"column":8},"end":{"line":14,"column":26}},"7":{"start":{"line":16,"column":8},"end":{"line":16,"column":24}},"8":{"start":{"line":18,"column":8},"end":{"line":18,"column":26}},"9":{"start":{"line":20,"column":8},"end":{"line":20,"column":25}},"10":{"start":{"line":22,"column":8},"end":{"line":22,"column":25}},"11":{"start":{"line":24,"column":8},"end":{"line":24,"column":25}},"12":{"start":{"line":27,"column":8},"end":{"line":35,"column":19}},"13":{"start":{"line":39,"column":2},"end":{"line":39,"column":15}}},"fnMap":{"0":{"name":"(anonymous_0)","decl":{"start":{"line":4,"column":27},"end":{"line":4,"column":28}},"loc":{"start":{"line":4,"column":45},"end":{"line":40,"column":1}},"line":4}},"branchMap":{"0":{"loc":{"start":{"line":4,"column":28},"end":{"line":4,"column":40}},"type":"default-arg","locations":[{"start":{"line":4,"column":36},"end":{"line":4,"column":40}}],"line":4},"1":{"loc":{"start":{"line":5,"column":2},"end":{"line":37,"column":3}},"type":"if","locations":[{"start":{"line":5,"column":2},"end":{"line":37,"column":3}},{"start":{"line":5,"column":2},"end":{"line":37,"column":3}}],"line":5},"2":{"loc":{"start":{"line":6,"column":4},"end":{"line":36,"column":5}},"type":"switch","locations":[{"start":{"line":7,"column":6},"end":{"line":8,"column":28}},{"start":{"line":9,"column":6},"end":{"line":10,"column":28}},{"start":{"line":11,"column":6},"end":{"line":12,"column":26}},{"start":{"line":13,"column":6},"end":{"line":14,"column":26}},{"start":{"line":15,"column":6},"end":{"line":16,"column":24}},{"start":{"line":17,"column":6},"end":{"line":18,"column":26}},{"start":{"line":19,"column":6},"end":{"line":20,"column":25}},{"start":{"line":21,"column":6},"end":{"line":22,"column":25}},{"start":{"line":23,"column":6},"end":{"line":24,"column":25}},{"start":{"line":26,"column":6},"end":{"line":35,"column":19}}],"line":6}},"s":{"0":1,"1":10,"2":10,"3":1,"4":1,"5":1,"6":1,"7":1,"8":1,"9":1,"10":1,"11":1,"12":1,"13":0},"f":{"0":10},"b":{"0":[0],"1":[10,0],"2":[1,1,1,1,1,1,1,1,1,1]},"_coverageSchema":"332fd63041d2c1bcb487cc26dd0d5f7d97098a6c","hash":"c2fa9f7e7c1d7d80dcf4466c127846eb91316276"}
,"/Users/vincentspeelman/Projects/react-shed/src/get-prop-for-cur.js": {"path":"/Users/vincentspeelman/Projects/react-shed/src/get-prop-for-cur.js","statementMap":{"0":{"start":{"line":3,"column":28},"end":{"line":32,"column":1}},"1":{"start":{"line":4,"column":2},"end":{"line":29,"column":3}},"2":{"start":{"line":5,"column":4},"end":{"line":28,"column":5}},"3":{"start":{"line":7,"column":8},"end":{"line":7,"column":22}},"4":{"start":{"line":9,"column":8},"end":{"line":9,"column":29}},"5":{"start":{"line":11,"column":8},"end":{"line":11,"column":29}},"6":{"start":{"line":13,"column":8},"end":{"line":13,"column":22}},"7":{"start":{"line":15,"column":8},"end":{"line":15,"column":26}},"8":{"start":{"line":17,"column":8},"end":{"line":17,"column":25}},"9":{"start":{"line":19,"column":8},"end":{"line":19,"column":25}},"10":{"start":{"line":21,"column":8},"end":{"line":21,"column":22}},"11":{"start":{"line":23,"column":8},"end":{"line":23,"column":22}},"12":{"start":{"line":25,"column":8},"end":{"line":25,"column":25}},"13":{"start":{"line":27,"column":8},"end":{"line":27,"column":21}},"14":{"start":{"line":31,"column":2},"end":{"line":31,"column":15}}},"fnMap":{"0":{"name":"(anonymous_0)","decl":{"start":{"line":3,"column":28},"end":{"line":3,"column":29}},"loc":{"start":{"line":3,"column":46},"end":{"line":32,"column":1}},"line":3}},"branchMap":{"0":{"loc":{"start":{"line":3,"column":29},"end":{"line":3,"column":41}},"type":"default-arg","locations":[{"start":{"line":3,"column":37},"end":{"line":3,"column":41}}],"line":3},"1":{"loc":{"start":{"line":4,"column":2},"end":{"line":29,"column":3}},"type":"if","locations":[{"start":{"line":4,"column":2},"end":{"line":29,"column":3}},{"start":{"line":4,"column":2},"end":{"line":29,"column":3}}],"line":4},"2":{"loc":{"start":{"line":5,"column":4},"end":{"line":28,"column":5}},"type":"switch","locations":[{"start":{"line":6,"column":6},"end":{"line":7,"column":22}},{"start":{"line":8,"column":6},"end":{"line":9,"column":29}},{"start":{"line":10,"column":6},"end":{"line":11,"column":29}},{"start":{"line":12,"column":6},"end":{"line":13,"column":22}},{"start":{"line":14,"column":6},"end":{"line":15,"column":26}},{"start":{"line":16,"column":6},"end":{"line":17,"column":25}},{"start":{"line":18,"column":6},"end":{"line":19,"column":25}},{"start":{"line":20,"column":6},"end":{"line":21,"column":22}},{"start":{"line":22,"column":6},"end":{"line":23,"column":22}},{"start":{"line":24,"column":6},"end":{"line":25,"column":25}},{"start":{"line":26,"column":6},"end":{"line":27,"column":21}}],"line":5}},"s":{"0":1,"1":11,"2":11,"3":1,"4":1,"5":1,"6":1,"7":1,"8":1,"9":1,"10":1,"11":1,"12":1,"13":1,"14":0},"f":{"0":11},"b":{"0":[0],"1":[11,0],"2":[1,1,1,1,1,1,1,1,1,1,1]},"_coverageSchema":"332fd63041d2c1bcb487cc26dd0d5f7d97098a6c","hash":"2d0e3aad89d08c0b0ab2adfe5147b8c154694037"}
,"/Users/vincentspeelman/Projects/react-shed/src/get-prop-for-d.js": {"path":"/Users/vincentspeelman/Projects/react-shed/src/get-prop-for-d.js","statementMap":{"0":{"start":{"line":4,"column":26},"end":{"line":52,"column":1}},"1":{"start":{"line":5,"column":2},"end":{"line":49,"column":3}},"2":{"start":{"line":6,"column":4},"end":{"line":48,"column":5}},"3":{"start":{"line":8,"column":8},"end":{"line":8,"column":23}},"4":{"start":{"line":10,"column":8},"end":{"line":10,"column":30}},"5":{"start":{"line":12,"column":8},"end":{"line":12,"column":30}},"6":{"start":{"line":14,"column":8},"end":{"line":14,"column":24}},"7":{"start":{"line":16,"column":8},"end":{"line":16,"column":22}},"8":{"start":{"line":18,"column":8},"end":{"line":18,"column":29}},"9":{"start":{"line":20,"column":8},"end":{"line":20,"column":29}},"10":{"start":{"line":22,"column":8},"end":{"line":22,"column":23}},"11":{"start":{"line":24,"column":8},"end":{"line":24,"column":28}},"12":{"start":{"line":26,"column":8},"end":{"line":26,"column":28}},"13":{"start":{"line":28,"column":8},"end":{"line":28,"column":27}},"14":{"start":{"line":30,"column":8},"end":{"line":30,"column":27}},"15":{"start":{"line":32,"column":8},"end":{"line":32,"column":22}},"16":{"start":{"line":34,"column":8},"end":{"line":34,"column":25}},"17":{"start":{"line":37,"column":8},"end":{"line":47,"column":19}},"18":{"start":{"line":51,"column":2},"end":{"line":51,"column":15}}},"fnMap":{"0":{"name":"(anonymous_0)","decl":{"start":{"line":4,"column":26},"end":{"line":4,"column":27}},"loc":{"start":{"line":4,"column":44},"end":{"line":52,"column":1}},"line":4}},"branchMap":{"0":{"loc":{"start":{"line":4,"column":27},"end":{"line":4,"column":39}},"type":"default-arg","locations":[{"start":{"line":4,"column":35},"end":{"line":4,"column":39}}],"line":4},"1":{"loc":{"start":{"line":5,"column":2},"end":{"line":49,"column":3}},"type":"if","locations":[{"start":{"line":5,"column":2},"end":{"line":49,"column":3}},{"start":{"line":5,"column":2},"end":{"line":49,"column":3}}],"line":5},"2":{"loc":{"start":{"line":6,"column":4},"end":{"line":48,"column":5}},"type":"switch","locations":[{"start":{"line":7,"column":6},"end":{"line":8,"column":23}},{"start":{"line":9,"column":6},"end":{"line":10,"column":30}},{"start":{"line":11,"column":6},"end":{"line":12,"column":30}},{"start":{"line":13,"column":6},"end":{"line":14,"column":24}},{"start":{"line":15,"column":6},"end":{"line":16,"column":22}},{"start":{"line":17,"column":6},"end":{"line":18,"column":29}},{"start":{"line":19,"column":6},"end":{"line":20,"column":29}},{"start":{"line":21,"column":6},"end":{"line":22,"column":23}},{"start":{"line":23,"column":6},"end":{"line":24,"column":28}},{"start":{"line":25,"column":6},"end":{"line":26,"column":28}},{"start":{"line":27,"column":6},"end":{"line":28,"column":27}},{"start":{"line":29,"column":6},"end":{"line":30,"column":27}},{"start":{"line":31,"column":6},"end":{"line":32,"column":22}},{"start":{"line":33,"column":6},"end":{"line":34,"column":25}},{"start":{"line":36,"column":6},"end":{"line":47,"column":19}}],"line":6}},"s":{"0":1,"1":13,"2":13,"3":1,"4":1,"5":1,"6":1,"7":1,"8":0,"9":0,"10":1,"11":1,"12":1,"13":1,"14":1,"15":1,"16":1,"17":1,"18":0},"f":{"0":13},"b":{"0":[0],"1":[13,0],"2":[1,1,1,1,1,0,0,1,1,1,1,1,1,1,1]},"_coverageSchema":"332fd63041d2c1bcb487cc26dd0d5f7d97098a6c","hash":"6c2a77704138b8aeb8ea601b0d12b5dd2d0f2ca0"}
,"/Users/vincentspeelman/Projects/react-shed/src/get-prop-for-fl.js": {"path":"/Users/vincentspeelman/Projects/react-shed/src/get-prop-for-fl.js","statementMap":{"0":{"start":{"line":4,"column":26},"end":{"line":29,"column":1}},"1":{"start":{"line":5,"column":2},"end":{"line":26,"column":3}},"2":{"start":{"line":6,"column":4},"end":{"line":25,"column":5}},"3":{"start":{"line":8,"column":8},"end":{"line":8,"column":22}},"4":{"start":{"line":10,"column":8},"end":{"line":10,"column":23}},"5":{"start":{"line":12,"column":8},"end":{"line":12,"column":22}},"6":{"start":{"line":14,"column":8},"end":{"line":14,"column":25}},"7":{"start":{"line":16,"column":8},"end":{"line":16,"column":25}},"8":{"start":{"line":18,"column":8},"end":{"line":24,"column":19}},"9":{"start":{"line":28,"column":2},"end":{"line":28,"column":15}}},"fnMap":{"0":{"name":"(anonymous_0)","decl":{"start":{"line":4,"column":26},"end":{"line":4,"column":27}},"loc":{"start":{"line":4,"column":44},"end":{"line":29,"column":1}},"line":4}},"branchMap":{"0":{"loc":{"start":{"line":4,"column":27},"end":{"line":4,"column":39}},"type":"default-arg","locations":[{"start":{"line":4,"column":35},"end":{"line":4,"column":39}}],"line":4},"1":{"loc":{"start":{"line":5,"column":2},"end":{"line":26,"column":3}},"type":"if","locations":[{"start":{"line":5,"column":2},"end":{"line":26,"column":3}},{"start":{"line":5,"column":2},"end":{"line":26,"column":3}}],"line":5},"2":{"loc":{"start":{"line":6,"column":4},"end":{"line":25,"column":5}},"type":"switch","locations":[{"start":{"line":7,"column":6},"end":{"line":8,"column":22}},{"start":{"line":9,"column":6},"end":{"line":10,"column":23}},{"start":{"line":11,"column":6},"end":{"line":12,"column":22}},{"start":{"line":13,"column":6},"end":{"line":14,"column":25}},{"start":{"line":15,"column":6},"end":{"line":16,"column":25}},{"start":{"line":17,"column":6},"end":{"line":24,"column":19}}],"line":6}},"s":{"0":1,"1":5,"2":5,"3":1,"4":1,"5":1,"6":1,"7":1,"8":0,"9":0},"f":{"0":5},"b":{"0":[0],"1":[5,0],"2":[1,1,1,1,1,0]},"_coverageSchema":"332fd63041d2c1bcb487cc26dd0d5f7d97098a6c","hash":"91a6daf7756ebe9fed4ca07c101fa085b11b619a"}
,"/Users/vincentspeelman/Projects/react-shed/src/get-prop-for-flxb.js": {"path":"/Users/vincentspeelman/Projects/react-shed/src/get-prop-for-flxb.js","statementMap":{"0":{"start":{"line":6,"column":28},"end":{"line":54,"column":1}},"1":{"start":{"line":7,"column":2},"end":{"line":51,"column":3}},"2":{"start":{"line":8,"column":4},"end":{"line":50,"column":5}},"3":{"start":{"line":10,"column":8},"end":{"line":10,"column":22}},"4":{"start":{"line":12,"column":8},"end":{"line":12,"column":22}},"5":{"start":{"line":14,"column":8},"end":{"line":14,"column":29}},"6":{"start":{"line":16,"column":8},"end":{"line":16,"column":29}},"7":{"start":{"line":18,"column":8},"end":{"line":18,"column":29}},"8":{"start":{"line":20,"column":8},"end":{"line":20,"column":29}},"9":{"start":{"line":22,"column":8},"end":{"line":22,"column":29}},"10":{"start":{"line":24,"column":8},"end":{"line":24,"column":29}},"11":{"start":{"line":26,"column":8},"end":{"line":26,"column":25}},"12":{"start":{"line":28,"column":8},"end":{"line":28,"column":25}},"13":{"start":{"line":30,"column":8},"end":{"line":30,"column":25}},"14":{"start":{"line":32,"column":8},"end":{"line":34,"column":9}},"15":{"start":{"line":33,"column":10},"end":{"line":33,"column":39}},"16":{"start":{"line":36,"column":8},"end":{"line":49,"column":19}},"17":{"start":{"line":53,"column":2},"end":{"line":53,"column":15}},"18":{"start":{"line":56,"column":39},"end":{"line":56,"column":72}}},"fnMap":{"0":{"name":"(anonymous_0)","decl":{"start":{"line":6,"column":28},"end":{"line":6,"column":29}},"loc":{"start":{"line":6,"column":46},"end":{"line":54,"column":1}},"line":6},"1":{"name":"(anonymous_1)","decl":{"start":{"line":56,"column":21},"end":{"line":56,"column":22}},"loc":{"start":{"line":56,"column":39},"end":{"line":56,"column":72}},"line":56}},"branchMap":{"0":{"loc":{"start":{"line":7,"column":2},"end":{"line":51,"column":3}},"type":"if","locations":[{"start":{"line":7,"column":2},"end":{"line":51,"column":3}},{"start":{"line":7,"column":2},"end":{"line":51,"column":3}}],"line":7},"1":{"loc":{"start":{"line":8,"column":4},"end":{"line":50,"column":5}},"type":"switch","locations":[{"start":{"line":9,"column":6},"end":{"line":10,"column":22}},{"start":{"line":11,"column":6},"end":{"line":12,"column":22}},{"start":{"line":13,"column":6},"end":{"line":14,"column":29}},{"start":{"line":15,"column":6},"end":{"line":16,"column":29}},{"start":{"line":17,"column":6},"end":{"line":18,"column":29}},{"start":{"line":19,"column":6},"end":{"line":20,"column":29}},{"start":{"line":21,"column":6},"end":{"line":22,"column":29}},{"start":{"line":23,"column":6},"end":{"line":24,"column":29}},{"start":{"line":25,"column":6},"end":{"line":26,"column":25}},{"start":{"line":27,"column":6},"end":{"line":28,"column":25}},{"start":{"line":29,"column":6},"end":{"line":30,"column":25}},{"start":{"line":31,"column":6},"end":{"line":49,"column":19}}],"line":8},"2":{"loc":{"start":{"line":32,"column":8},"end":{"line":34,"column":9}},"type":"if","locations":[{"start":{"line":32,"column":8},"end":{"line":34,"column":9}},{"start":{"line":32,"column":8},"end":{"line":34,"column":9}}],"line":32}},"s":{"0":1,"1":12,"2":12,"3":1,"4":1,"5":1,"6":1,"7":1,"8":1,"9":1,"10":1,"11":1,"12":0,"13":1,"14":2,"15":1,"16":0,"17":0,"18":12},"f":{"0":12,"1":12},"b":{"0":[12,0],"1":[1,1,1,1,1,1,1,1,1,0,1,2],"2":[1,0]},"_coverageSchema":"332fd63041d2c1bcb487cc26dd0d5f7d97098a6c","hash":"5084f832463344860577e6f94e71660234dab56b"}
,"/Users/vincentspeelman/Projects/react-shed/src/get-prop-for-flxd.js": {"path":"/Users/vincentspeelman/Projects/react-shed/src/get-prop-for-flxd.js","statementMap":{"0":{"start":{"line":4,"column":28},"end":{"line":37,"column":1}},"1":{"start":{"line":5,"column":2},"end":{"line":34,"column":3}},"2":{"start":{"line":6,"column":4},"end":{"line":33,"column":5}},"3":{"start":{"line":8,"column":8},"end":{"line":8,"column":21}},"4":{"start":{"line":10,"column":8},"end":{"line":10,"column":29}},"5":{"start":{"line":12,"column":8},"end":{"line":12,"column":29}},"6":{"start":{"line":14,"column":8},"end":{"line":14,"column":24}},"7":{"start":{"line":16,"column":8},"end":{"line":16,"column":32}},"8":{"start":{"line":18,"column":8},"end":{"line":18,"column":32}},"9":{"start":{"line":20,"column":8},"end":{"line":20,"column":25}},"10":{"start":{"line":22,"column":8},"end":{"line":22,"column":25}},"11":{"start":{"line":25,"column":8},"end":{"line":32,"column":19}},"12":{"start":{"line":36,"column":2},"end":{"line":36,"column":15}}},"fnMap":{"0":{"name":"(anonymous_0)","decl":{"start":{"line":4,"column":28},"end":{"line":4,"column":29}},"loc":{"start":{"line":4,"column":46},"end":{"line":37,"column":1}},"line":4}},"branchMap":{"0":{"loc":{"start":{"line":4,"column":29},"end":{"line":4,"column":41}},"type":"default-arg","locations":[{"start":{"line":4,"column":37},"end":{"line":4,"column":41}}],"line":4},"1":{"loc":{"start":{"line":5,"column":2},"end":{"line":34,"column":3}},"type":"if","locations":[{"start":{"line":5,"column":2},"end":{"line":34,"column":3}},{"start":{"line":5,"column":2},"end":{"line":34,"column":3}}],"line":5},"2":{"loc":{"start":{"line":6,"column":4},"end":{"line":33,"column":5}},"type":"switch","locations":[{"start":{"line":7,"column":6},"end":{"line":8,"column":21}},{"start":{"line":9,"column":6},"end":{"line":10,"column":29}},{"start":{"line":11,"column":6},"end":{"line":12,"column":29}},{"start":{"line":13,"column":6},"end":{"line":14,"column":24}},{"start":{"line":15,"column":6},"end":{"line":16,"column":32}},{"start":{"line":17,"column":6},"end":{"line":18,"column":32}},{"start":{"line":19,"column":6},"end":{"line":20,"column":25}},{"start":{"line":21,"column":6},"end":{"line":22,"column":25}},{"start":{"line":24,"column":6},"end":{"line":32,"column":19}}],"line":6}},"s":{"0":1,"1":8,"2":8,"3":1,"4":1,"5":1,"6":1,"7":1,"8":1,"9":1,"10":1,"11":0,"12":0},"f":{"0":8},"b":{"0":[0],"1":[8,0],"2":[1,1,1,1,1,1,1,1,0]},"_coverageSchema":"332fd63041d2c1bcb487cc26dd0d5f7d97098a6c","hash":"4ec5b8198abd9395677bbe327157f4cd9d2850ea"}
,"/Users/vincentspeelman/Projects/react-shed/src/get-prop-for-flxw.js": {"path":"/Users/vincentspeelman/Projects/react-shed/src/get-prop-for-flxw.js","statementMap":{"0":{"start":{"line":4,"column":28},"end":{"line":32,"column":1}},"1":{"start":{"line":5,"column":2},"end":{"line":29,"column":3}},"2":{"start":{"line":6,"column":4},"end":{"line":28,"column":5}},"3":{"start":{"line":8,"column":8},"end":{"line":8,"column":24}},"4":{"start":{"line":10,"column":8},"end":{"line":10,"column":22}},"5":{"start":{"line":12,"column":8},"end":{"line":12,"column":30}},"6":{"start":{"line":14,"column":8},"end":{"line":14,"column":30}},"7":{"start":{"line":16,"column":8},"end":{"line":16,"column":25}},"8":{"start":{"line":18,"column":8},"end":{"line":18,"column":25}},"9":{"start":{"line":21,"column":8},"end":{"line":27,"column":19}},"10":{"start":{"line":31,"column":2},"end":{"line":31,"column":15}}},"fnMap":{"0":{"name":"(anonymous_0)","decl":{"start":{"line":4,"column":28},"end":{"line":4,"column":29}},"loc":{"start":{"line":4,"column":46},"end":{"line":32,"column":1}},"line":4}},"branchMap":{"0":{"loc":{"start":{"line":4,"column":29},"end":{"line":4,"column":41}},"type":"default-arg","locations":[{"start":{"line":4,"column":37},"end":{"line":4,"column":41}}],"line":4},"1":{"loc":{"start":{"line":5,"column":2},"end":{"line":29,"column":3}},"type":"if","locations":[{"start":{"line":5,"column":2},"end":{"line":29,"column":3}},{"start":{"line":5,"column":2},"end":{"line":29,"column":3}}],"line":5},"2":{"loc":{"start":{"line":6,"column":4},"end":{"line":28,"column":5}},"type":"switch","locations":[{"start":{"line":7,"column":6},"end":{"line":8,"column":24}},{"start":{"line":9,"column":6},"end":{"line":10,"column":22}},{"start":{"line":11,"column":6},"end":{"line":12,"column":30}},{"start":{"line":13,"column":6},"end":{"line":14,"column":30}},{"start":{"line":15,"column":6},"end":{"line":16,"column":25}},{"start":{"line":17,"column":6},"end":{"line":18,"column":25}},{"start":{"line":20,"column":6},"end":{"line":27,"column":19}}],"line":6}},"s":{"0":1,"1":6,"2":6,"3":1,"4":1,"5":1,"6":1,"7":1,"8":1,"9":0,"10":0},"f":{"0":6},"b":{"0":[0],"1":[6,0],"2":[1,1,1,1,1,1,0]},"_coverageSchema":"332fd63041d2c1bcb487cc26dd0d5f7d97098a6c","hash":"b0f9fd251f2ec05fe2a4b077b7c5687819bd8c5f"}
,"/Users/vincentspeelman/Projects/react-shed/src/get-prop-for-fs.js": {"path":"/Users/vincentspeelman/Projects/react-shed/src/get-prop-for-fs.js","statementMap":{"0":{"start":{"line":4,"column":27},"end":{"line":29,"column":1}},"1":{"start":{"line":5,"column":2},"end":{"line":26,"column":3}},"2":{"start":{"line":6,"column":4},"end":{"line":25,"column":5}},"3":{"start":{"line":8,"column":8},"end":{"line":8,"column":24}},"4":{"start":{"line":10,"column":8},"end":{"line":10,"column":24}},"5":{"start":{"line":12,"column":8},"end":{"line":12,"column":25}},"6":{"start":{"line":14,"column":8},"end":{"line":14,"column":25}},"7":{"start":{"line":16,"column":8},"end":{"line":16,"column":25}},"8":{"start":{"line":18,"column":8},"end":{"line":24,"column":19}},"9":{"start":{"line":28,"column":2},"end":{"line":28,"column":15}}},"fnMap":{"0":{"name":"(anonymous_0)","decl":{"start":{"line":4,"column":27},"end":{"line":4,"column":28}},"loc":{"start":{"line":4,"column":45},"end":{"line":29,"column":1}},"line":4}},"branchMap":{"0":{"loc":{"start":{"line":4,"column":28},"end":{"line":4,"column":40}},"type":"default-arg","locations":[{"start":{"line":4,"column":36},"end":{"line":4,"column":40}}],"line":4},"1":{"loc":{"start":{"line":5,"column":2},"end":{"line":26,"column":3}},"type":"if","locations":[{"start":{"line":5,"column":2},"end":{"line":26,"column":3}},{"start":{"line":5,"column":2},"end":{"line":26,"column":3}}],"line":5},"2":{"loc":{"start":{"line":6,"column":4},"end":{"line":25,"column":5}},"type":"switch","locations":[{"start":{"line":7,"column":6},"end":{"line":8,"column":24}},{"start":{"line":9,"column":6},"end":{"line":10,"column":24}},{"start":{"line":11,"column":6},"end":{"line":12,"column":25}},{"start":{"line":13,"column":6},"end":{"line":14,"column":25}},{"start":{"line":15,"column":6},"end":{"line":16,"column":25}},{"start":{"line":17,"column":6},"end":{"line":24,"column":19}}],"line":6}},"s":{"0":1,"1":6,"2":6,"3":1,"4":1,"5":1,"6":1,"7":1,"8":1,"9":0},"f":{"0":6},"b":{"0":[0],"1":[6,0],"2":[1,1,1,1,1,1]},"_coverageSchema":"332fd63041d2c1bcb487cc26dd0d5f7d97098a6c","hash":"81bf4583c20241a5ccd3f5fb4b9149a6eacab671"}
,"/Users/vincentspeelman/Projects/react-shed/src/get-prop-for-jc.js": {"path":"/Users/vincentspeelman/Projects/react-shed/src/get-prop-for-jc.js","statementMap":{"0":{"start":{"line":4,"column":26},"end":{"line":49,"column":1}},"1":{"start":{"line":5,"column":2},"end":{"line":46,"column":3}},"2":{"start":{"line":6,"column":4},"end":{"line":45,"column":5}},"3":{"start":{"line":8,"column":8},"end":{"line":8,"column":28}},"4":{"start":{"line":10,"column":8},"end":{"line":10,"column":28}},"5":{"start":{"line":12,"column":8},"end":{"line":12,"column":26}},"6":{"start":{"line":14,"column":8},"end":{"line":14,"column":26}},"7":{"start":{"line":16,"column":8},"end":{"line":16,"column":24}},"8":{"start":{"line":18,"column":8},"end":{"line":18,"column":31}},"9":{"start":{"line":20,"column":8},"end":{"line":20,"column":31}},"10":{"start":{"line":22,"column":8},"end":{"line":22,"column":30}},"11":{"start":{"line":24,"column":8},"end":{"line":24,"column":30}},"12":{"start":{"line":26,"column":8},"end":{"line":26,"column":30}},"13":{"start":{"line":28,"column":8},"end":{"line":28,"column":30}},"14":{"start":{"line":30,"column":8},"end":{"line":30,"column":25}},"15":{"start":{"line":32,"column":8},"end":{"line":32,"column":25}},"16":{"start":{"line":35,"column":8},"end":{"line":44,"column":19}},"17":{"start":{"line":48,"column":2},"end":{"line":48,"column":15}}},"fnMap":{"0":{"name":"(anonymous_0)","decl":{"start":{"line":4,"column":26},"end":{"line":4,"column":27}},"loc":{"start":{"line":4,"column":44},"end":{"line":49,"column":1}},"line":4}},"branchMap":{"0":{"loc":{"start":{"line":4,"column":27},"end":{"line":4,"column":39}},"type":"default-arg","locations":[{"start":{"line":4,"column":35},"end":{"line":4,"column":39}}],"line":4},"1":{"loc":{"start":{"line":5,"column":2},"end":{"line":46,"column":3}},"type":"if","locations":[{"start":{"line":5,"column":2},"end":{"line":46,"column":3}},{"start":{"line":5,"column":2},"end":{"line":46,"column":3}}],"line":5},"2":{"loc":{"start":{"line":6,"column":4},"end":{"line":45,"column":5}},"type":"switch","locations":[{"start":{"line":7,"column":6},"end":{"line":8,"column":28}},{"start":{"line":9,"column":6},"end":{"line":10,"column":28}},{"start":{"line":11,"column":6},"end":{"line":12,"column":26}},{"start":{"line":13,"column":6},"end":{"line":14,"column":26}},{"start":{"line":15,"column":6},"end":{"line":16,"column":24}},{"start":{"line":17,"column":6},"end":{"line":18,"column":31}},{"start":{"line":19,"column":6},"end":{"line":20,"column":31}},{"start":{"line":21,"column":6},"end":{"line":22,"column":30}},{"start":{"line":23,"column":6},"end":{"line":24,"column":30}},{"start":{"line":25,"column":6},"end":{"line":26,"column":30}},{"start":{"line":27,"column":6},"end":{"line":28,"column":30}},{"start":{"line":29,"column":6},"end":{"line":30,"column":25}},{"start":{"line":31,"column":6},"end":{"line":32,"column":25}},{"start":{"line":34,"column":6},"end":{"line":44,"column":19}}],"line":6}},"s":{"0":1,"1":13,"2":13,"3":1,"4":1,"5":1,"6":1,"7":1,"8":1,"9":1,"10":1,"11":1,"12":1,"13":1,"14":0,"15":1,"16":1,"17":0},"f":{"0":13},"b":{"0":[0],"1":[13,0],"2":[1,1,1,1,1,1,1,1,1,1,1,0,1,1]},"_coverageSchema":"332fd63041d2c1bcb487cc26dd0d5f7d97098a6c","hash":"ed76523977e5b7b8598888d58ee563d34dfb985b"}
,"/Users/vincentspeelman/Projects/react-shed/src/get-prop-for-lh.js": {"path":"/Users/vincentspeelman/Projects/react-shed/src/get-prop-for-lh.js","statementMap":{"0":{"start":{"line":6,"column":27},"end":{"line":38,"column":1}},"1":{"start":{"line":7,"column":2},"end":{"line":35,"column":3}},"2":{"start":{"line":8,"column":4},"end":{"line":34,"column":5}},"3":{"start":{"line":10,"column":8},"end":{"line":10,"column":19}},"4":{"start":{"line":12,"column":8},"end":{"line":12,"column":24}},"5":{"start":{"line":14,"column":8},"end":{"line":14,"column":41}},"6":{"start":{"line":16,"column":8},"end":{"line":16,"column":41}},"7":{"start":{"line":18,"column":8},"end":{"line":18,"column":25}},"8":{"start":{"line":20,"column":8},"end":{"line":20,"column":25}},"9":{"start":{"line":22,"column":8},"end":{"line":24,"column":9}},"10":{"start":{"line":23,"column":10},"end":{"line":23,"column":53}},"11":{"start":{"line":25,"column":8},"end":{"line":33,"column":19}},"12":{"start":{"line":37,"column":2},"end":{"line":37,"column":15}},"13":{"start":{"line":40,"column":39},"end":{"line":40,"column":71}}},"fnMap":{"0":{"name":"(anonymous_0)","decl":{"start":{"line":6,"column":27},"end":{"line":6,"column":28}},"loc":{"start":{"line":6,"column":45},"end":{"line":38,"column":1}},"line":6},"1":{"name":"(anonymous_1)","decl":{"start":{"line":40,"column":21},"end":{"line":40,"column":22}},"loc":{"start":{"line":40,"column":39},"end":{"line":40,"column":71}},"line":40}},"branchMap":{"0":{"loc":{"start":{"line":7,"column":2},"end":{"line":35,"column":3}},"type":"if","locations":[{"start":{"line":7,"column":2},"end":{"line":35,"column":3}},{"start":{"line":7,"column":2},"end":{"line":35,"column":3}}],"line":7},"1":{"loc":{"start":{"line":8,"column":4},"end":{"line":34,"column":5}},"type":"switch","locations":[{"start":{"line":9,"column":6},"end":{"line":10,"column":19}},{"start":{"line":11,"column":6},"end":{"line":12,"column":24}},{"start":{"line":13,"column":6},"end":{"line":14,"column":41}},{"start":{"line":15,"column":6},"end":{"line":16,"column":41}},{"start":{"line":17,"column":6},"end":{"line":18,"column":25}},{"start":{"line":19,"column":6},"end":{"line":20,"column":25}},{"start":{"line":21,"column":6},"end":{"line":33,"column":19}}],"line":8},"2":{"loc":{"start":{"line":22,"column":8},"end":{"line":24,"column":9}},"type":"if","locations":[{"start":{"line":22,"column":8},"end":{"line":24,"column":9}},{"start":{"line":22,"column":8},"end":{"line":24,"column":9}}],"line":22}},"s":{"0":1,"1":7,"2":7,"3":1,"4":1,"5":1,"6":0,"7":1,"8":1,"9":2,"10":2,"11":0,"12":0,"13":7},"f":{"0":7,"1":7},"b":{"0":[7,0],"1":[1,1,1,0,1,1,2],"2":[2,0]},"_coverageSchema":"332fd63041d2c1bcb487cc26dd0d5f7d97098a6c","hash":"0dd11701f6b30ebc2624060fd8dcaa8fd6c13026"}
,"/Users/vincentspeelman/Projects/react-shed/src/get-prop-for-ls.js": {"path":"/Users/vincentspeelman/Projects/react-shed/src/get-prop-for-ls.js","statementMap":{"0":{"start":{"line":6,"column":27},"end":{"line":34,"column":1}},"1":{"start":{"line":7,"column":2},"end":{"line":31,"column":3}},"2":{"start":{"line":8,"column":4},"end":{"line":30,"column":5}},"3":{"start":{"line":10,"column":8},"end":{"line":10,"column":24}},"4":{"start":{"line":12,"column":8},"end":{"line":12,"column":25}},"5":{"start":{"line":14,"column":8},"end":{"line":14,"column":22}},"6":{"start":{"line":16,"column":8},"end":{"line":16,"column":25}},"7":{"start":{"line":18,"column":8},"end":{"line":18,"column":25}},"8":{"start":{"line":20,"column":8},"end":{"line":22,"column":9}},"9":{"start":{"line":21,"column":10},"end":{"line":21,"column":53}},"10":{"start":{"line":23,"column":8},"end":{"line":29,"column":19}},"11":{"start":{"line":33,"column":2},"end":{"line":33,"column":15}},"12":{"start":{"line":36,"column":39},"end":{"line":36,"column":71}}},"fnMap":{"0":{"name":"(anonymous_0)","decl":{"start":{"line":6,"column":27},"end":{"line":6,"column":28}},"loc":{"start":{"line":6,"column":52},"end":{"line":34,"column":1}},"line":6},"1":{"name":"(anonymous_1)","decl":{"start":{"line":36,"column":21},"end":{"line":36,"column":22}},"loc":{"start":{"line":36,"column":39},"end":{"line":36,"column":71}},"line":36}},"branchMap":{"0":{"loc":{"start":{"line":6,"column":35},"end":{"line":6,"column":47}},"type":"default-arg","locations":[{"start":{"line":6,"column":43},"end":{"line":6,"column":47}}],"line":6},"1":{"loc":{"start":{"line":7,"column":2},"end":{"line":31,"column":3}},"type":"if","locations":[{"start":{"line":7,"column":2},"end":{"line":31,"column":3}},{"start":{"line":7,"column":2},"end":{"line":31,"column":3}}],"line":7},"2":{"loc":{"start":{"line":8,"column":4},"end":{"line":30,"column":5}},"type":"switch","locations":[{"start":{"line":9,"column":6},"end":{"line":10,"column":24}},{"start":{"line":11,"column":6},"end":{"line":12,"column":25}},{"start":{"line":13,"column":6},"end":{"line":14,"column":22}},{"start":{"line":15,"column":6},"end":{"line":16,"column":25}},{"start":{"line":17,"column":6},"end":{"line":18,"column":25}},{"start":{"line":19,"column":6},"end":{"line":29,"column":19}}],"line":8},"3":{"loc":{"start":{"line":20,"column":8},"end":{"line":22,"column":9}},"type":"if","locations":[{"start":{"line":20,"column":8},"end":{"line":22,"column":9}},{"start":{"line":20,"column":8},"end":{"line":22,"column":9}}],"line":20}},"s":{"0":1,"1":6,"2":6,"3":1,"4":1,"5":1,"6":1,"7":1,"8":1,"9":1,"10":0,"11":0,"12":6},"f":{"0":6,"1":6},"b":{"0":[0],"1":[6,0],"2":[1,1,1,1,1,1],"3":[1,0]},"_coverageSchema":"332fd63041d2c1bcb487cc26dd0d5f7d97098a6c","hash":"5c46861b4df78ecff39b94e7914d06a2e9bc5b53"}
,"/Users/vincentspeelman/Projects/react-shed/src/get-prop-for-lst.js": {"path":"/Users/vincentspeelman/Projects/react-shed/src/get-prop-for-lst.js","statementMap":{"0":{"start":{"line":3,"column":27},"end":{"line":35,"column":1}},"1":{"start":{"line":4,"column":2},"end":{"line":32,"column":3}},"2":{"start":{"line":5,"column":4},"end":{"line":31,"column":5}},"3":{"start":{"line":7,"column":8},"end":{"line":7,"column":22}},"4":{"start":{"line":9,"column":8},"end":{"line":9,"column":24}},"5":{"start":{"line":11,"column":8},"end":{"line":11,"column":24}},"6":{"start":{"line":13,"column":8},"end":{"line":13,"column":25}},"7":{"start":{"line":15,"column":8},"end":{"line":15,"column":26}},"8":{"start":{"line":17,"column":8},"end":{"line":17,"column":33}},"9":{"start":{"line":19,"column":8},"end":{"line":19,"column":25}},"10":{"start":{"line":21,"column":8},"end":{"line":21,"column":25}},"11":{"start":{"line":23,"column":8},"end":{"line":23,"column":25}},"12":{"start":{"line":25,"column":8},"end":{"line":25,"column":23}},"13":{"start":{"line":27,"column":8},"end":{"line":27,"column":22}},"14":{"start":{"line":30,"column":8},"end":{"line":30,"column":21}},"15":{"start":{"line":34,"column":2},"end":{"line":34,"column":15}}},"fnMap":{"0":{"name":"(anonymous_0)","decl":{"start":{"line":3,"column":27},"end":{"line":3,"column":28}},"loc":{"start":{"line":3,"column":45},"end":{"line":35,"column":1}},"line":3}},"branchMap":{"0":{"loc":{"start":{"line":3,"column":28},"end":{"line":3,"column":40}},"type":"default-arg","locations":[{"start":{"line":3,"column":36},"end":{"line":3,"column":40}}],"line":3},"1":{"loc":{"start":{"line":4,"column":2},"end":{"line":32,"column":3}},"type":"if","locations":[{"start":{"line":4,"column":2},"end":{"line":32,"column":3}},{"start":{"line":4,"column":2},"end":{"line":32,"column":3}}],"line":4},"2":{"loc":{"start":{"line":5,"column":4},"end":{"line":31,"column":5}},"type":"switch","locations":[{"start":{"line":6,"column":6},"end":{"line":7,"column":22}},{"start":{"line":8,"column":6},"end":{"line":9,"column":24}},{"start":{"line":10,"column":6},"end":{"line":11,"column":24}},{"start":{"line":12,"column":6},"end":{"line":13,"column":25}},{"start":{"line":14,"column":6},"end":{"line":15,"column":26}},{"start":{"line":16,"column":6},"end":{"line":17,"column":33}},{"start":{"line":18,"column":6},"end":{"line":19,"column":25}},{"start":{"line":20,"column":6},"end":{"line":21,"column":25}},{"start":{"line":22,"column":6},"end":{"line":23,"column":25}},{"start":{"line":24,"column":6},"end":{"line":25,"column":23}},{"start":{"line":26,"column":6},"end":{"line":27,"column":22}},{"start":{"line":29,"column":6},"end":{"line":30,"column":21}}],"line":5}},"s":{"0":1,"1":11,"2":11,"3":1,"4":1,"5":1,"6":1,"7":1,"8":1,"9":1,"10":1,"11":1,"12":0,"13":1,"14":1,"15":0},"f":{"0":11},"b":{"0":[0],"1":[11,0],"2":[1,1,1,1,1,1,1,1,1,0,1,1]},"_coverageSchema":"332fd63041d2c1bcb487cc26dd0d5f7d97098a6c","hash":"8ad105e4df8b3689931023c622a166494bcfbf3c"}
,"/Users/vincentspeelman/Projects/react-shed/src/get-prop-for-o.js": {"path":"/Users/vincentspeelman/Projects/react-shed/src/get-prop-for-o.js","statementMap":{"0":{"start":{"line":4,"column":25},"end":{"line":32,"column":1}},"1":{"start":{"line":5,"column":2},"end":{"line":29,"column":3}},"2":{"start":{"line":6,"column":4},"end":{"line":28,"column":5}},"3":{"start":{"line":8,"column":8},"end":{"line":8,"column":22}},"4":{"start":{"line":10,"column":8},"end":{"line":10,"column":24}},"5":{"start":{"line":12,"column":8},"end":{"line":12,"column":24}},"6":{"start":{"line":14,"column":8},"end":{"line":14,"column":25}},"7":{"start":{"line":16,"column":8},"end":{"line":16,"column":25}},"8":{"start":{"line":18,"column":8},"end":{"line":18,"column":25}},"9":{"start":{"line":20,"column":8},"end":{"line":27,"column":19}},"10":{"start":{"line":31,"column":2},"end":{"line":31,"column":15}}},"fnMap":{"0":{"name":"(anonymous_0)","decl":{"start":{"line":4,"column":25},"end":{"line":4,"column":26}},"loc":{"start":{"line":4,"column":43},"end":{"line":32,"column":1}},"line":4}},"branchMap":{"0":{"loc":{"start":{"line":4,"column":26},"end":{"line":4,"column":38}},"type":"default-arg","locations":[{"start":{"line":4,"column":34},"end":{"line":4,"column":38}}],"line":4},"1":{"loc":{"start":{"line":5,"column":2},"end":{"line":29,"column":3}},"type":"if","locations":[{"start":{"line":5,"column":2},"end":{"line":29,"column":3}},{"start":{"line":5,"column":2},"end":{"line":29,"column":3}}],"line":5},"2":{"loc":{"start":{"line":6,"column":4},"end":{"line":28,"column":5}},"type":"switch","locations":[{"start":{"line":7,"column":6},"end":{"line":8,"column":22}},{"start":{"line":9,"column":6},"end":{"line":10,"column":24}},{"start":{"line":11,"column":6},"end":{"line":12,"column":24}},{"start":{"line":13,"column":6},"end":{"line":14,"column":25}},{"start":{"line":15,"column":6},"end":{"line":16,"column":25}},{"start":{"line":17,"column":6},"end":{"line":18,"column":25}},{"start":{"line":19,"column":6},"end":{"line":27,"column":19}}],"line":6}},"s":{"0":1,"1":7,"2":7,"3":1,"4":1,"5":1,"6":1,"7":1,"8":1,"9":1,"10":0},"f":{"0":7},"b":{"0":[0],"1":[7,0],"2":[1,1,1,1,1,1,1]},"_coverageSchema":"332fd63041d2c1bcb487cc26dd0d5f7d97098a6c","hash":"02fda05890f646be17ad7721e6d451385df86fe8"}
,"/Users/vincentspeelman/Projects/react-shed/src/get-prop-for-op.js": {"path":"/Users/vincentspeelman/Projects/react-shed/src/get-prop-for-op.js","statementMap":{"0":{"start":{"line":4,"column":21},"end":{"line":37,"column":1}},"1":{"start":{"line":5,"column":2},"end":{"line":34,"column":3}},"2":{"start":{"line":6,"column":4},"end":{"line":33,"column":5}},"3":{"start":{"line":7,"column":16},"end":{"line":7,"column":33}},"4":{"start":{"line":8,"column":19},"end":{"line":8,"column":36}},"5":{"start":{"line":9,"column":16},"end":{"line":9,"column":31}},"6":{"start":{"line":11,"column":26},"end":{"line":11,"column":47}},"7":{"start":{"line":12,"column":8},"end":{"line":19,"column":9}},"8":{"start":{"line":13,"column":10},"end":{"line":18,"column":21}},"9":{"start":{"line":21,"column":8},"end":{"line":31,"column":9}},"10":{"start":{"line":22,"column":10},"end":{"line":29,"column":11}},"11":{"start":{"line":23,"column":12},"end":{"line":28,"column":23}},"12":{"start":{"line":30,"column":10},"end":{"line":30,"column":23}},"13":{"start":{"line":36,"column":2},"end":{"line":36,"column":15}}},"fnMap":{"0":{"name":"(anonymous_0)","decl":{"start":{"line":4,"column":21},"end":{"line":4,"column":22}},"loc":{"start":{"line":4,"column":39},"end":{"line":37,"column":1}},"line":4}},"branchMap":{"0":{"loc":{"start":{"line":4,"column":22},"end":{"line":4,"column":34}},"type":"default-arg","locations":[{"start":{"line":4,"column":30},"end":{"line":4,"column":34}}],"line":4},"1":{"loc":{"start":{"line":5,"column":2},"end":{"line":34,"column":3}},"type":"if","locations":[{"start":{"line":5,"column":2},"end":{"line":34,"column":3}},{"start":{"line":5,"column":2},"end":{"line":34,"column":3}}],"line":5},"2":{"loc":{"start":{"line":6,"column":4},"end":{"line":33,"column":5}},"type":"switch","locations":[{"start":{"line":7,"column":6},"end":{"line":7,"column":33}},{"start":{"line":8,"column":6},"end":{"line":8,"column":36}},{"start":{"line":9,"column":6},"end":{"line":9,"column":31}},{"start":{"line":10,"column":6},"end":{"line":32,"column":7}}],"line":6},"3":{"loc":{"start":{"line":12,"column":8},"end":{"line":19,"column":9}},"type":"if","locations":[{"start":{"line":12,"column":8},"end":{"line":19,"column":9}},{"start":{"line":12,"column":8},"end":{"line":19,"column":9}}],"line":12},"4":{"loc":{"start":{"line":21,"column":8},"end":{"line":31,"column":9}},"type":"if","locations":[{"start":{"line":21,"column":8},"end":{"line":31,"column":9}},{"start":{"line":21,"column":8},"end":{"line":31,"column":9}}],"line":21},"5":{"loc":{"start":{"line":22,"column":10},"end":{"line":29,"column":11}},"type":"if","locations":[{"start":{"line":22,"column":10},"end":{"line":29,"column":11}},{"start":{"line":22,"column":10},"end":{"line":29,"column":11}}],"line":22},"6":{"loc":{"start":{"line":22,"column":14},"end":{"line":22,"column":44}},"type":"binary-expr","locations":[{"start":{"line":22,"column":14},"end":{"line":22,"column":27}},{"start":{"line":22,"column":31},"end":{"line":22,"column":44}}],"line":22}},"s":{"0":1,"1":4,"2":4,"3":1,"4":1,"5":0,"6":2,"7":2,"8":1,"9":1,"10":1,"11":0,"12":1,"13":0},"f":{"0":4},"b":{"0":[0],"1":[4,0],"2":[1,1,0,2],"3":[1,1],"4":[1,0],"5":[0,1],"6":[1,1]},"_coverageSchema":"332fd63041d2c1bcb487cc26dd0d5f7d97098a6c","hash":"5fceaf843f995ac90bda2fcfc930048ce61a0efb"}
,"/Users/vincentspeelman/Projects/react-shed/src/get-prop-for-ta.js": {"path":"/Users/vincentspeelman/Projects/react-shed/src/get-prop-for-ta.js","statementMap":{"0":{"start":{"line":4,"column":27},"end":{"line":32,"column":1}},"1":{"start":{"line":5,"column":2},"end":{"line":29,"column":3}},"2":{"start":{"line":6,"column":4},"end":{"line":28,"column":5}},"3":{"start":{"line":8,"column":8},"end":{"line":8,"column":24}},"4":{"start":{"line":10,"column":8},"end":{"line":10,"column":22}},"5":{"start":{"line":12,"column":8},"end":{"line":12,"column":23}},"6":{"start":{"line":14,"column":8},"end":{"line":14,"column":25}},"7":{"start":{"line":16,"column":8},"end":{"line":16,"column":25}},"8":{"start":{"line":18,"column":8},"end":{"line":18,"column":25}},"9":{"start":{"line":20,"column":8},"end":{"line":27,"column":19}},"10":{"start":{"line":31,"column":2},"end":{"line":31,"column":15}}},"fnMap":{"0":{"name":"(anonymous_0)","decl":{"start":{"line":4,"column":27},"end":{"line":4,"column":28}},"loc":{"start":{"line":4,"column":45},"end":{"line":32,"column":1}},"line":4}},"branchMap":{"0":{"loc":{"start":{"line":4,"column":28},"end":{"line":4,"column":40}},"type":"default-arg","locations":[{"start":{"line":4,"column":36},"end":{"line":4,"column":40}}],"line":4},"1":{"loc":{"start":{"line":5,"column":2},"end":{"line":29,"column":3}},"type":"if","locations":[{"start":{"line":5,"column":2},"end":{"line":29,"column":3}},{"start":{"line":5,"column":2},"end":{"line":29,"column":3}}],"line":5},"2":{"loc":{"start":{"line":6,"column":4},"end":{"line":28,"column":5}},"type":"switch","locations":[{"start":{"line":7,"column":6},"end":{"line":8,"column":24}},{"start":{"line":9,"column":6},"end":{"line":10,"column":22}},{"start":{"line":11,"column":6},"end":{"line":12,"column":23}},{"start":{"line":13,"column":6},"end":{"line":14,"column":25}},{"start":{"line":15,"column":6},"end":{"line":16,"column":25}},{"start":{"line":17,"column":6},"end":{"line":18,"column":25}},{"start":{"line":19,"column":6},"end":{"line":27,"column":19}}],"line":6}},"s":{"0":1,"1":6,"2":6,"3":1,"4":1,"5":1,"6":1,"7":1,"8":1,"9":0,"10":0},"f":{"0":6},"b":{"0":[0],"1":[6,0],"2":[1,1,1,1,1,1,0]},"_coverageSchema":"332fd63041d2c1bcb487cc26dd0d5f7d97098a6c","hash":"bf3e6e6a76074f01a61c66e2f6a42b226013935a"}
,"/Users/vincentspeelman/Projects/react-shed/src/get-prop-for-td.js": {"path":"/Users/vincentspeelman/Projects/react-shed/src/get-prop-for-td.js","statementMap":{"0":{"start":{"line":4,"column":26},"end":{"line":37,"column":1}},"1":{"start":{"line":5,"column":2},"end":{"line":34,"column":3}},"2":{"start":{"line":6,"column":4},"end":{"line":33,"column":5}},"3":{"start":{"line":8,"column":8},"end":{"line":8,"column":27}},"4":{"start":{"line":10,"column":8},"end":{"line":10,"column":26}},"5":{"start":{"line":12,"column":8},"end":{"line":12,"column":23}},"6":{"start":{"line":14,"column":8},"end":{"line":14,"column":30}},"7":{"start":{"line":16,"column":8},"end":{"line":16,"column":30}},"8":{"start":{"line":18,"column":8},"end":{"line":18,"column":22}},"9":{"start":{"line":20,"column":8},"end":{"line":20,"column":25}},"10":{"start":{"line":22,"column":8},"end":{"line":22,"column":25}},"11":{"start":{"line":24,"column":8},"end":{"line":32,"column":19}},"12":{"start":{"line":36,"column":2},"end":{"line":36,"column":15}}},"fnMap":{"0":{"name":"(anonymous_0)","decl":{"start":{"line":4,"column":26},"end":{"line":4,"column":27}},"loc":{"start":{"line":4,"column":44},"end":{"line":37,"column":1}},"line":4}},"branchMap":{"0":{"loc":{"start":{"line":4,"column":27},"end":{"line":4,"column":39}},"type":"default-arg","locations":[{"start":{"line":4,"column":35},"end":{"line":4,"column":39}}],"line":4},"1":{"loc":{"start":{"line":5,"column":2},"end":{"line":34,"column":3}},"type":"if","locations":[{"start":{"line":5,"column":2},"end":{"line":34,"column":3}},{"start":{"line":5,"column":2},"end":{"line":34,"column":3}}],"line":5},"2":{"loc":{"start":{"line":6,"column":4},"end":{"line":33,"column":5}},"type":"switch","locations":[{"start":{"line":7,"column":6},"end":{"line":8,"column":27}},{"start":{"line":9,"column":6},"end":{"line":10,"column":26}},{"start":{"line":11,"column":6},"end":{"line":12,"column":23}},{"start":{"line":13,"column":6},"end":{"line":14,"column":30}},{"start":{"line":15,"column":6},"end":{"line":16,"column":30}},{"start":{"line":17,"column":6},"end":{"line":18,"column":22}},{"start":{"line":19,"column":6},"end":{"line":20,"column":25}},{"start":{"line":21,"column":6},"end":{"line":22,"column":25}},{"start":{"line":23,"column":6},"end":{"line":32,"column":19}}],"line":6}},"s":{"0":1,"1":7,"2":7,"3":1,"4":1,"5":1,"6":1,"7":0,"8":1,"9":0,"10":1,"11":1,"12":0},"f":{"0":7},"b":{"0":[0],"1":[7,0],"2":[1,1,1,1,0,1,0,1,1]},"_coverageSchema":"332fd63041d2c1bcb487cc26dd0d5f7d97098a6c","hash":"1a0407cbde0c0ab359c76156642cb6a243557d61"}
,"/Users/vincentspeelman/Projects/react-shed/src/get-prop-for-tt.js": {"path":"/Users/vincentspeelman/Projects/react-shed/src/get-prop-for-tt.js","statementMap":{"0":{"start":{"line":4,"column":27},"end":{"line":32,"column":1}},"1":{"start":{"line":5,"column":2},"end":{"line":29,"column":3}},"2":{"start":{"line":6,"column":4},"end":{"line":28,"column":5}},"3":{"start":{"line":8,"column":8},"end":{"line":8,"column":27}},"4":{"start":{"line":10,"column":8},"end":{"line":10,"column":28}},"5":{"start":{"line":12,"column":8},"end":{"line":12,"column":27}},"6":{"start":{"line":14,"column":8},"end":{"line":14,"column":22}},"7":{"start":{"line":16,"column":8},"end":{"line":16,"column":25}},"8":{"start":{"line":18,"column":8},"end":{"line":18,"column":25}},"9":{"start":{"line":20,"column":8},"end":{"line":27,"column":19}},"10":{"start":{"line":31,"column":2},"end":{"line":31,"column":15}}},"fnMap":{"0":{"name":"(anonymous_0)","decl":{"start":{"line":4,"column":27},"end":{"line":4,"column":28}},"loc":{"start":{"line":4,"column":45},"end":{"line":32,"column":1}},"line":4}},"branchMap":{"0":{"loc":{"start":{"line":4,"column":28},"end":{"line":4,"column":40}},"type":"default-arg","locations":[{"start":{"line":4,"column":36},"end":{"line":4,"column":40}}],"line":4},"1":{"loc":{"start":{"line":5,"column":2},"end":{"line":29,"column":3}},"type":"if","locations":[{"start":{"line":5,"column":2},"end":{"line":29,"column":3}},{"start":{"line":5,"column":2},"end":{"line":29,"column":3}}],"line":5},"2":{"loc":{"start":{"line":6,"column":4},"end":{"line":28,"column":5}},"type":"switch","locations":[{"start":{"line":7,"column":6},"end":{"line":8,"column":27}},{"start":{"line":9,"column":6},"end":{"line":10,"column":28}},{"start":{"line":11,"column":6},"end":{"line":12,"column":27}},{"start":{"line":13,"column":6},"end":{"line":14,"column":22}},{"start":{"line":15,"column":6},"end":{"line":16,"column":25}},{"start":{"line":17,"column":6},"end":{"line":18,"column":25}},{"start":{"line":19,"column":6},"end":{"line":27,"column":19}}],"line":6}},"s":{"0":1,"1":6,"2":6,"3":1,"4":1,"5":1,"6":1,"7":1,"8":1,"9":0,"10":0},"f":{"0":6},"b":{"0":[0],"1":[6,0],"2":[1,1,1,1,1,1,0]},"_coverageSchema":"332fd63041d2c1bcb487cc26dd0d5f7d97098a6c","hash":"6f412d830f01d117bde7039f34f44d0ba0be6ae1"}
,"/Users/vincentspeelman/Projects/react-shed/src/get-prop-for-ws.js": {"path":"/Users/vincentspeelman/Projects/react-shed/src/get-prop-for-ws.js","statementMap":{"0":{"start":{"line":4,"column":26},"end":{"line":39,"column":1}},"1":{"start":{"line":5,"column":2},"end":{"line":36,"column":3}},"2":{"start":{"line":6,"column":4},"end":{"line":35,"column":5}},"3":{"start":{"line":8,"column":8},"end":{"line":8,"column":24}},"4":{"start":{"line":10,"column":8},"end":{"line":10,"column":24}},"5":{"start":{"line":12,"column":8},"end":{"line":12,"column":21}},"6":{"start":{"line":14,"column":8},"end":{"line":14,"column":26}},"7":{"start":{"line":16,"column":8},"end":{"line":16,"column":26}},"8":{"start":{"line":18,"column":8},"end":{"line":18,"column":26}},"9":{"start":{"line":20,"column":8},"end":{"line":20,"column":26}},"10":{"start":{"line":22,"column":8},"end":{"line":22,"column":25}},"11":{"start":{"line":24,"column":8},"end":{"line":24,"column":25}},"12":{"start":{"line":26,"column":8},"end":{"line":34,"column":19}},"13":{"start":{"line":38,"column":2},"end":{"line":38,"column":15}}},"fnMap":{"0":{"name":"(anonymous_0)","decl":{"start":{"line":4,"column":26},"end":{"line":4,"column":27}},"loc":{"start":{"line":4,"column":44},"end":{"line":39,"column":1}},"line":4}},"branchMap":{"0":{"loc":{"start":{"line":4,"column":27},"end":{"line":4,"column":39}},"type":"default-arg","locations":[{"start":{"line":4,"column":35},"end":{"line":4,"column":39}}],"line":4},"1":{"loc":{"start":{"line":5,"column":2},"end":{"line":36,"column":3}},"type":"if","locations":[{"start":{"line":5,"column":2},"end":{"line":36,"column":3}},{"start":{"line":5,"column":2},"end":{"line":36,"column":3}}],"line":5},"2":{"loc":{"start":{"line":6,"column":4},"end":{"line":35,"column":5}},"type":"switch","locations":[{"start":{"line":7,"column":6},"end":{"line":8,"column":24}},{"start":{"line":9,"column":6},"end":{"line":10,"column":24}},{"start":{"line":11,"column":6},"end":{"line":12,"column":21}},{"start":{"line":13,"column":6},"end":{"line":14,"column":26}},{"start":{"line":15,"column":6},"end":{"line":16,"column":26}},{"start":{"line":17,"column":6},"end":{"line":18,"column":26}},{"start":{"line":19,"column":6},"end":{"line":20,"column":26}},{"start":{"line":21,"column":6},"end":{"line":22,"column":25}},{"start":{"line":23,"column":6},"end":{"line":24,"column":25}},{"start":{"line":25,"column":6},"end":{"line":34,"column":19}}],"line":6}},"s":{"0":1,"1":9,"2":9,"3":1,"4":1,"5":1,"6":1,"7":1,"8":1,"9":1,"10":1,"11":0,"12":1,"13":0},"f":{"0":9},"b":{"0":[0],"1":[9,0],"2":[1,1,1,1,1,1,1,1,0,1]},"_coverageSchema":"332fd63041d2c1bcb487cc26dd0d5f7d97098a6c","hash":"9570a2afd09af3191d970b526504c9657f150367"}
,"/Users/vincentspeelman/Projects/react-shed/src/get-props-for-br.js": {"path":"/Users/vincentspeelman/Projects/react-shed/src/get-props-for-br.js","statementMap":{"0":{"start":{"line":10,"column":18},"end":{"line":22,"column":1}},"1":{"start":{"line":24,"column":27},"end":{"line":78,"column":1}},"2":{"start":{"line":25,"column":2},"end":{"line":76,"column":3}},"3":{"start":{"line":26,"column":25},"end":{"line":26,"column":46}},"4":{"start":{"line":27,"column":4},"end":{"line":29,"column":5}},"5":{"start":{"line":28,"column":6},"end":{"line":28,"column":68}},"6":{"start":{"line":31,"column":4},"end":{"line":75,"column":5}},"7":{"start":{"line":33,"column":8},"end":{"line":35,"column":10}},"8":{"start":{"line":37,"column":8},"end":{"line":40,"column":10}},"9":{"start":{"line":42,"column":8},"end":{"line":45,"column":10}},"10":{"start":{"line":47,"column":8},"end":{"line":50,"column":10}},"11":{"start":{"line":52,"column":8},"end":{"line":55,"column":10}},"12":{"start":{"line":57,"column":8},"end":{"line":59,"column":10}},"13":{"start":{"line":61,"column":8},"end":{"line":63,"column":10}},"14":{"start":{"line":65,"column":8},"end":{"line":67,"column":10}},"15":{"start":{"line":69,"column":8},"end":{"line":71,"column":10}},"16":{"start":{"line":74,"column":8},"end":{"line":74,"column":18}},"17":{"start":{"line":77,"column":2},"end":{"line":77,"column":12}},"18":{"start":{"line":80,"column":24},"end":{"line":89,"column":1}},"19":{"start":{"line":81,"column":2},"end":{"line":88,"column":10}},"20":{"start":{"line":82,"column":27},"end":{"line":85,"column":5}},"21":{"start":{"line":91,"column":39},"end":{"line":91,"column":79}}},"fnMap":{"0":{"name":"(anonymous_0)","decl":{"start":{"line":24,"column":27},"end":{"line":24,"column":28}},"loc":{"start":{"line":24,"column":58},"end":{"line":78,"column":1}},"line":24},"1":{"name":"(anonymous_1)","decl":{"start":{"line":80,"column":24},"end":{"line":80,"column":25}},"loc":{"start":{"line":81,"column":2},"end":{"line":88,"column":10}},"line":81},"2":{"name":"(anonymous_2)","decl":{"start":{"line":82,"column":11},"end":{"line":82,"column":12}},"loc":{"start":{"line":82,"column":27},"end":{"line":85,"column":5}},"line":82},"3":{"name":"(anonymous_3)","decl":{"start":{"line":91,"column":21},"end":{"line":91,"column":22}},"loc":{"start":{"line":91,"column":39},"end":{"line":91,"column":79}},"line":91}},"branchMap":{"0":{"loc":{"start":{"line":24,"column":41},"end":{"line":24,"column":53}},"type":"default-arg","locations":[{"start":{"line":24,"column":49},"end":{"line":24,"column":53}}],"line":24},"1":{"loc":{"start":{"line":25,"column":2},"end":{"line":76,"column":3}},"type":"if","locations":[{"start":{"line":25,"column":2},"end":{"line":76,"column":3}},{"start":{"line":25,"column":2},"end":{"line":76,"column":3}}],"line":25},"2":{"loc":{"start":{"line":27,"column":4},"end":{"line":29,"column":5}},"type":"if","locations":[{"start":{"line":27,"column":4},"end":{"line":29,"column":5}},{"start":{"line":27,"column":4},"end":{"line":29,"column":5}}],"line":27},"3":{"loc":{"start":{"line":31,"column":4},"end":{"line":75,"column":5}},"type":"switch","locations":[{"start":{"line":32,"column":6},"end":{"line":35,"column":10}},{"start":{"line":36,"column":6},"end":{"line":40,"column":10}},{"start":{"line":41,"column":6},"end":{"line":45,"column":10}},{"start":{"line":46,"column":6},"end":{"line":50,"column":10}},{"start":{"line":51,"column":6},"end":{"line":55,"column":10}},{"start":{"line":56,"column":6},"end":{"line":59,"column":10}},{"start":{"line":60,"column":6},"end":{"line":63,"column":10}},{"start":{"line":64,"column":6},"end":{"line":67,"column":10}},{"start":{"line":68,"column":6},"end":{"line":71,"column":10}},{"start":{"line":73,"column":6},"end":{"line":74,"column":18}}],"line":31},"4":{"loc":{"start":{"line":80,"column":43},"end":{"line":80,"column":53}},"type":"default-arg","locations":[{"start":{"line":80,"column":51},"end":{"line":80,"column":53}}],"line":80}},"s":{"0":1,"1":1,"2":11,"3":11,"4":11,"5":0,"6":11,"7":1,"8":1,"9":1,"10":1,"11":1,"12":2,"13":1,"14":2,"15":1,"16":0,"17":0,"18":1,"19":10,"20":11,"21":10},"f":{"0":11,"1":10,"2":11,"3":10},"b":{"0":[0],"1":[11,0],"2":[0,11],"3":[1,1,1,1,1,2,1,2,1,0],"4":[0]},"_coverageSchema":"332fd63041d2c1bcb487cc26dd0d5f7d97098a6c","hash":"b5cf6d1c49724d07e991227ab670897bff08532e"}
,"/Users/vincentspeelman/Projects/react-shed/src/get-props-for-color.js": {"path":"/Users/vincentspeelman/Projects/react-shed/src/get-props-for-color.js","statementMap":{"0":{"start":{"line":5,"column":25},"end":{"line":26,"column":1}},"1":{"start":{"line":6,"column":2},"end":{"line":24,"column":3}},"2":{"start":{"line":7,"column":4},"end":{"line":22,"column":5}},"3":{"start":{"line":8,"column":6},"end":{"line":10,"column":7}},"4":{"start":{"line":9,"column":8},"end":{"line":9,"column":29}},"5":{"start":{"line":11,"column":6},"end":{"line":13,"column":7}},"6":{"start":{"line":12,"column":8},"end":{"line":12,"column":30}},"7":{"start":{"line":14,"column":6},"end":{"line":16,"column":7}},"8":{"start":{"line":15,"column":8},"end":{"line":15,"column":25}},"9":{"start":{"line":17,"column":20},"end":{"line":17,"column":45}},"10":{"start":{"line":18,"column":6},"end":{"line":20,"column":7}},"11":{"start":{"line":19,"column":8},"end":{"line":19,"column":75}},"12":{"start":{"line":21,"column":6},"end":{"line":21,"column":33}},"13":{"start":{"line":23,"column":4},"end":{"line":23,"column":17}},"14":{"start":{"line":25,"column":2},"end":{"line":25,"column":14}},"15":{"start":{"line":28,"column":39},"end":{"line":28,"column":69}}},"fnMap":{"0":{"name":"(anonymous_0)","decl":{"start":{"line":5,"column":25},"end":{"line":5,"column":26}},"loc":{"start":{"line":5,"column":43},"end":{"line":26,"column":1}},"line":5},"1":{"name":"(anonymous_1)","decl":{"start":{"line":28,"column":21},"end":{"line":28,"column":22}},"loc":{"start":{"line":28,"column":39},"end":{"line":28,"column":69}},"line":28}},"branchMap":{"0":{"loc":{"start":{"line":6,"column":2},"end":{"line":24,"column":3}},"type":"if","locations":[{"start":{"line":6,"column":2},"end":{"line":24,"column":3}},{"start":{"line":6,"column":2},"end":{"line":24,"column":3}}],"line":6},"1":{"loc":{"start":{"line":7,"column":4},"end":{"line":22,"column":5}},"type":"if","locations":[{"start":{"line":7,"column":4},"end":{"line":22,"column":5}},{"start":{"line":7,"column":4},"end":{"line":22,"column":5}}],"line":7},"2":{"loc":{"start":{"line":8,"column":6},"end":{"line":10,"column":7}},"type":"if","locations":[{"start":{"line":8,"column":6},"end":{"line":10,"column":7}},{"start":{"line":8,"column":6},"end":{"line":10,"column":7}}],"line":8},"3":{"loc":{"start":{"line":11,"column":6},"end":{"line":13,"column":7}},"type":"if","locations":[{"start":{"line":11,"column":6},"end":{"line":13,"column":7}},{"start":{"line":11,"column":6},"end":{"line":13,"column":7}}],"line":11},"4":{"loc":{"start":{"line":14,"column":6},"end":{"line":16,"column":7}},"type":"if","locations":[{"start":{"line":14,"column":6},"end":{"line":16,"column":7}},{"start":{"line":14,"column":6},"end":{"line":16,"column":7}}],"line":14},"5":{"loc":{"start":{"line":14,"column":10},"end":{"line":14,"column":46}},"type":"binary-expr","locations":[{"start":{"line":14,"column":10},"end":{"line":14,"column":29}},{"start":{"line":14,"column":33},"end":{"line":14,"column":46}}],"line":14},"6":{"loc":{"start":{"line":18,"column":6},"end":{"line":20,"column":7}},"type":"if","locations":[{"start":{"line":18,"column":6},"end":{"line":20,"column":7}},{"start":{"line":18,"column":6},"end":{"line":20,"column":7}}],"line":18}},"s":{"0":1,"1":5,"2":5,"3":5,"4":1,"5":4,"6":1,"7":3,"8":1,"9":2,"10":2,"11":1,"12":1,"13":0,"14":0,"15":5},"f":{"0":5,"1":5},"b":{"0":[5,0],"1":[5,0],"2":[1,4],"3":[1,3],"4":[1,2],"5":[3,3],"6":[1,1]},"_coverageSchema":"332fd63041d2c1bcb487cc26dd0d5f7d97098a6c","hash":"6c2d6ef8d1251f1e91c1a6c4988b62c073b63923"}
,"/Users/vincentspeelman/Projects/react-shed/src/get-props-for-pos.js": {"path":"/Users/vincentspeelman/Projects/react-shed/src/get-props-for-pos.js","statementMap":{"0":{"start":{"line":4,"column":28},"end":{"line":42,"column":1}},"1":{"start":{"line":5,"column":2},"end":{"line":39,"column":3}},"2":{"start":{"line":6,"column":4},"end":{"line":38,"column":5}},"3":{"start":{"line":8,"column":8},"end":{"line":8,"column":40}},"4":{"start":{"line":10,"column":8},"end":{"line":10,"column":40}},"5":{"start":{"line":12,"column":8},"end":{"line":12,"column":37}},"6":{"start":{"line":14,"column":8},"end":{"line":14,"column":38}},"7":{"start":{"line":16,"column":8},"end":{"line":16,"column":38}},"8":{"start":{"line":18,"column":8},"end":{"line":23,"column":10}},"9":{"start":{"line":25,"column":8},"end":{"line":25,"column":39}},"10":{"start":{"line":27,"column":8},"end":{"line":27,"column":39}},"11":{"start":{"line":29,"column":8},"end":{"line":37,"column":19}},"12":{"start":{"line":41,"column":2},"end":{"line":41,"column":15}}},"fnMap":{"0":{"name":"(anonymous_0)","decl":{"start":{"line":4,"column":28},"end":{"line":4,"column":29}},"loc":{"start":{"line":4,"column":46},"end":{"line":42,"column":1}},"line":4}},"branchMap":{"0":{"loc":{"start":{"line":4,"column":29},"end":{"line":4,"column":41}},"type":"default-arg","locations":[{"start":{"line":4,"column":37},"end":{"line":4,"column":41}}],"line":4},"1":{"loc":{"start":{"line":5,"column":2},"end":{"line":39,"column":3}},"type":"if","locations":[{"start":{"line":5,"column":2},"end":{"line":39,"column":3}},{"start":{"line":5,"column":2},"end":{"line":39,"column":3}}],"line":5},"2":{"loc":{"start":{"line":6,"column":4},"end":{"line":38,"column":5}},"type":"switch","locations":[{"start":{"line":7,"column":6},"end":{"line":8,"column":40}},{"start":{"line":9,"column":6},"end":{"line":10,"column":40}},{"start":{"line":11,"column":6},"end":{"line":12,"column":37}},{"start":{"line":13,"column":6},"end":{"line":14,"column":38}},{"start":{"line":15,"column":6},"end":{"line":16,"column":38}},{"start":{"line":17,"column":6},"end":{"line":23,"column":10}},{"start":{"line":24,"column":6},"end":{"line":25,"column":39}},{"start":{"line":26,"column":6},"end":{"line":27,"column":39}},{"start":{"line":28,"column":6},"end":{"line":37,"column":19}}],"line":6}},"s":{"0":1,"1":9,"2":9,"3":1,"4":1,"5":1,"6":1,"7":1,"8":1,"9":1,"10":1,"11":1,"12":0},"f":{"0":9},"b":{"0":[0],"1":[9,0],"2":[1,1,1,1,1,1,1,1,1]},"_coverageSchema":"332fd63041d2c1bcb487cc26dd0d5f7d97098a6c","hash":"7a2bfd265a7435a5df6409a51e120ada20d74b31"}
,"/Users/vincentspeelman/Projects/react-shed/src/get-props-for-va.js": {"path":"/Users/vincentspeelman/Projects/react-shed/src/get-props-for-va.js","statementMap":{"0":{"start":{"line":4,"column":27},"end":{"line":51,"column":1}},"1":{"start":{"line":5,"column":2},"end":{"line":48,"column":3}},"2":{"start":{"line":6,"column":4},"end":{"line":47,"column":5}},"3":{"start":{"line":8,"column":8},"end":{"line":10,"column":10}},"4":{"start":{"line":12,"column":8},"end":{"line":14,"column":10}},"5":{"start":{"line":16,"column":8},"end":{"line":18,"column":10}},"6":{"start":{"line":20,"column":8},"end":{"line":22,"column":10}},"7":{"start":{"line":24,"column":8},"end":{"line":28,"column":10}},"8":{"start":{"line":30,"column":8},"end":{"line":32,"column":10}},"9":{"start":{"line":34,"column":8},"end":{"line":36,"column":10}},"10":{"start":{"line":38,"column":8},"end":{"line":46,"column":19}},"11":{"start":{"line":50,"column":2},"end":{"line":50,"column":15}}},"fnMap":{"0":{"name":"(anonymous_0)","decl":{"start":{"line":4,"column":27},"end":{"line":4,"column":28}},"loc":{"start":{"line":4,"column":45},"end":{"line":51,"column":1}},"line":4}},"branchMap":{"0":{"loc":{"start":{"line":4,"column":28},"end":{"line":4,"column":40}},"type":"default-arg","locations":[{"start":{"line":4,"column":36},"end":{"line":4,"column":40}}],"line":4},"1":{"loc":{"start":{"line":5,"column":2},"end":{"line":48,"column":3}},"type":"if","locations":[{"start":{"line":5,"column":2},"end":{"line":48,"column":3}},{"start":{"line":5,"column":2},"end":{"line":48,"column":3}}],"line":5},"2":{"loc":{"start":{"line":6,"column":4},"end":{"line":47,"column":5}},"type":"switch","locations":[{"start":{"line":7,"column":6},"end":{"line":10,"column":10}},{"start":{"line":11,"column":6},"end":{"line":14,"column":10}},{"start":{"line":15,"column":6},"end":{"line":18,"column":10}},{"start":{"line":19,"column":6},"end":{"line":22,"column":10}},{"start":{"line":23,"column":6},"end":{"line":28,"column":10}},{"start":{"line":29,"column":6},"end":{"line":32,"column":10}},{"start":{"line":33,"column":6},"end":{"line":36,"column":10}},{"start":{"line":37,"column":6},"end":{"line":46,"column":19}}],"line":6}},"s":{"0":1,"1":7,"2":7,"3":1,"4":1,"5":1,"6":1,"7":1,"8":1,"9":1,"10":0,"11":0},"f":{"0":7},"b":{"0":[0],"1":[7,0],"2":[1,1,1,1,1,1,1,0]},"_coverageSchema":"332fd63041d2c1bcb487cc26dd0d5f7d97098a6c","hash":"c14a8080824d1b38e588598bfdcb0f94e032c4e1"}
,"/Users/vincentspeelman/Projects/react-shed/src/get-size.js": {"path":"/Users/vincentspeelman/Projects/react-shed/src/get-size.js","statementMap":{"0":{"start":{"line":10,"column":16},"end":{"line":52,"column":1}},"1":{"start":{"line":11,"column":2},"end":{"line":50,"column":3}},"2":{"start":{"line":12,"column":4},"end":{"line":14,"column":5}},"3":{"start":{"line":13,"column":6},"end":{"line":13,"column":19}},"4":{"start":{"line":16,"column":19},"end":{"line":16,"column":40}},"5":{"start":{"line":17,"column":4},"end":{"line":23,"column":5}},"6":{"start":{"line":18,"column":6},"end":{"line":22,"column":15}},"7":{"start":{"line":19,"column":30},"end":{"line":19,"column":60}},"8":{"start":{"line":25,"column":4},"end":{"line":49,"column":5}},"9":{"start":{"line":27,"column":8},"end":{"line":27,"column":22}},"10":{"start":{"line":29,"column":8},"end":{"line":29,"column":22}},"11":{"start":{"line":32,"column":8},"end":{"line":36,"column":9}},"12":{"start":{"line":33,"column":10},"end":{"line":35,"column":56}},"13":{"start":{"line":38,"column":26},"end":{"line":38,"column":48}},"14":{"start":{"line":39,"column":23},"end":{"line":39,"column":52}},"15":{"start":{"line":41,"column":8},"end":{"line":47,"column":9}},"16":{"start":{"line":42,"column":10},"end":{"line":44,"column":11}},"17":{"start":{"line":43,"column":12},"end":{"line":43,"column":26}},"18":{"start":{"line":46,"column":10},"end":{"line":46,"column":108}},"19":{"start":{"line":51,"column":2},"end":{"line":51,"column":15}},"20":{"start":{"line":54,"column":38},"end":{"line":54,"column":58}}},"fnMap":{"0":{"name":"(anonymous_0)","decl":{"start":{"line":10,"column":16},"end":{"line":10,"column":17}},"loc":{"start":{"line":10,"column":41},"end":{"line":52,"column":1}},"line":10},"1":{"name":"(anonymous_1)","decl":{"start":{"line":19,"column":15},"end":{"line":19,"column":16}},"loc":{"start":{"line":19,"column":30},"end":{"line":19,"column":60}},"line":19},"2":{"name":"(anonymous_2)","decl":{"start":{"line":54,"column":21},"end":{"line":54,"column":22}},"loc":{"start":{"line":54,"column":38},"end":{"line":54,"column":58}},"line":54}},"branchMap":{"0":{"loc":{"start":{"line":10,"column":24},"end":{"line":10,"column":36}},"type":"default-arg","locations":[{"start":{"line":10,"column":32},"end":{"line":10,"column":36}}],"line":10},"1":{"loc":{"start":{"line":11,"column":2},"end":{"line":50,"column":3}},"type":"if","locations":[{"start":{"line":11,"column":2},"end":{"line":50,"column":3}},{"start":{"line":11,"column":2},"end":{"line":50,"column":3}}],"line":11},"2":{"loc":{"start":{"line":12,"column":4},"end":{"line":14,"column":5}},"type":"if","locations":[{"start":{"line":12,"column":4},"end":{"line":14,"column":5}},{"start":{"line":12,"column":4},"end":{"line":14,"column":5}}],"line":12},"3":{"loc":{"start":{"line":12,"column":8},"end":{"line":12,"column":66}},"type":"binary-expr","locations":[{"start":{"line":12,"column":8},"end":{"line":12,"column":13}},{"start":{"line":12,"column":17},"end":{"line":12,"column":28}},{"start":{"line":12,"column":32},"end":{"line":12,"column":66}}],"line":12},"4":{"loc":{"start":{"line":17,"column":4},"end":{"line":23,"column":5}},"type":"if","locations":[{"start":{"line":17,"column":4},"end":{"line":23,"column":5}},{"start":{"line":17,"column":4},"end":{"line":23,"column":5}}],"line":17},"5":{"loc":{"start":{"line":19,"column":30},"end":{"line":19,"column":60}},"type":"cond-expr","locations":[{"start":{"line":19,"column":45},"end":{"line":19,"column":54}},{"start":{"line":19,"column":57},"end":{"line":19,"column":60}}],"line":19},"6":{"loc":{"start":{"line":25,"column":4},"end":{"line":49,"column":5}},"type":"switch","locations":[{"start":{"line":26,"column":6},"end":{"line":27,"column":22}},{"start":{"line":28,"column":6},"end":{"line":29,"column":22}},{"start":{"line":30,"column":6},"end":{"line":48,"column":7}}],"line":25},"7":{"loc":{"start":{"line":32,"column":8},"end":{"line":36,"column":9}},"type":"if","locations":[{"start":{"line":32,"column":8},"end":{"line":36,"column":9}},{"start":{"line":32,"column":8},"end":{"line":36,"column":9}}],"line":32},"8":{"loc":{"start":{"line":32,"column":12},"end":{"line":32,"column":64}},"type":"binary-expr","locations":[{"start":{"line":32,"column":12},"end":{"line":32,"column":36}},{"start":{"line":32,"column":40},"end":{"line":32,"column":64}}],"line":32},"9":{"loc":{"start":{"line":33,"column":25},"end":{"line":35,"column":55}},"type":"cond-expr","locations":[{"start":{"line":34,"column":14},"end":{"line":34,"column":49}},{"start":{"line":35,"column":14},"end":{"line":35,"column":55}}],"line":33},"10":{"loc":{"start":{"line":35,"column":14},"end":{"line":35,"column":55}},"type":"binary-expr","locations":[{"start":{"line":35,"column":14},"end":{"line":35,"column":46}},{"start":{"line":35,"column":50},"end":{"line":35,"column":55}}],"line":35},"11":{"loc":{"start":{"line":42,"column":10},"end":{"line":44,"column":11}},"type":"if","locations":[{"start":{"line":42,"column":10},"end":{"line":44,"column":11}},{"start":{"line":42,"column":10},"end":{"line":44,"column":11}}],"line":42}},"s":{"0":4,"1":42,"2":42,"3":4,"4":38,"5":38,"6":2,"7":4,"8":36,"9":1,"10":1,"11":34,"12":34,"13":34,"14":34,"15":34,"16":34,"17":31,"18":3,"19":0,"20":42},"f":{"0":42,"1":4,"2":42},"b":{"0":[0],"1":[42,0],"2":[4,38],"3":[42,42,42],"4":[2,36],"5":[2,2],"6":[1,1,34],"7":[34,0],"8":[34,34],"9":[3,31],"10":[31,0],"11":[31,0]},"_coverageSchema":"332fd63041d2c1bcb487cc26dd0d5f7d97098a6c","hash":"9392607681e6feb08cf900d08629b74d74eb5474"}
,"/Users/vincentspeelman/Projects/react-shed/src/is-valid.js": {"path":"/Users/vincentspeelman/Projects/react-shed/src/is-valid.js","statementMap":{"0":{"start":{"line":8,"column":16},"end":{"line":33,"column":1}},"1":{"start":{"line":9,"column":2},"end":{"line":31,"column":3}},"2":{"start":{"line":10,"column":24},"end":{"line":17,"column":5}},"3":{"start":{"line":19,"column":4},"end":{"line":28,"column":5}},"4":{"start":{"line":20,"column":6},"end":{"line":27,"column":8}},"5":{"start":{"line":30,"column":4},"end":{"line":30,"column":16}},"6":{"start":{"line":32,"column":2},"end":{"line":32,"column":15}},"7":{"start":{"line":35,"column":37},"end":{"line":35,"column":56}}},"fnMap":{"0":{"name":"(anonymous_0)","decl":{"start":{"line":8,"column":16},"end":{"line":8,"column":17}},"loc":{"start":{"line":8,"column":32},"end":{"line":33,"column":1}},"line":8},"1":{"name":"(anonymous_1)","decl":{"start":{"line":35,"column":21},"end":{"line":35,"column":22}},"loc":{"start":{"line":35,"column":37},"end":{"line":35,"column":56}},"line":35}},"branchMap":{"0":{"loc":{"start":{"line":9,"column":2},"end":{"line":31,"column":3}},"type":"if","locations":[{"start":{"line":9,"column":2},"end":{"line":31,"column":3}},{"start":{"line":9,"column":2},"end":{"line":31,"column":3}}],"line":9},"1":{"loc":{"start":{"line":19,"column":4},"end":{"line":28,"column":5}},"type":"if","locations":[{"start":{"line":19,"column":4},"end":{"line":28,"column":5}},{"start":{"line":19,"column":4},"end":{"line":28,"column":5}}],"line":19},"2":{"loc":{"start":{"line":21,"column":50},"end":{"line":21,"column":74}},"type":"cond-expr","locations":[{"start":{"line":21,"column":58},"end":{"line":21,"column":69}},{"start":{"line":21,"column":72},"end":{"line":21,"column":74}}],"line":21}},"s":{"0":25,"1":207,"2":207,"3":207,"4":2,"5":205,"6":0,"7":207},"f":{"0":207,"1":207},"b":{"0":[207,0],"1":[2,205],"2":[2,0]},"_coverageSchema":"332fd63041d2c1bcb487cc26dd0d5f7d97098a6c","hash":"226d02569c956ade9bc4fb00288ea081d061839a"}
,"/Users/vincentspeelman/Projects/react-shed/src/props-map.js": {"path":"/Users/vincentspeelman/Projects/react-shed/src/props-map.js","statementMap":{},"fnMap":{},"branchMap":{},"s":{},"f":{},"b":{},"_coverageSchema":"332fd63041d2c1bcb487cc26dd0d5f7d97098a6c","hash":"a3d5e5db1c367eec80c1667ea802b3200334e30d"}
,"/Users/vincentspeelman/Projects/react-shed/src/sizes.js": {"path":"/Users/vincentspeelman/Projects/react-shed/src/sizes.js","statementMap":{"0":{"start":{"line":4,"column":14},"end":{"line":18,"column":3}},"1":{"start":{"line":7,"column":5},"end":{"line":18,"column":3}},"2":{"start":{"line":9,"column":23},"end":{"line":16,"column":5}}},"fnMap":{"0":{"name":"(anonymous_0)","decl":{"start":{"line":4,"column":14},"end":{"line":4,"column":15}},"loc":{"start":{"line":7,"column":5},"end":{"line":18,"column":3}},"line":7},"1":{"name":"(anonymous_1)","decl":{"start":{"line":9,"column":4},"end":{"line":9,"column":5}},"loc":{"start":{"line":9,"column":23},"end":{"line":16,"column":5}},"line":9}},"branchMap":{"0":{"loc":{"start":{"line":5,"column":2},"end":{"line":5,"column":24}},"type":"default-arg","locations":[{"start":{"line":5,"column":10},"end":{"line":5,"column":24}}],"line":5},"1":{"loc":{"start":{"line":6,"column":2},"end":{"line":6,"column":13}},"type":"default-arg","locations":[{"start":{"line":6,"column":11},"end":{"line":6,"column":13}}],"line":6}},"s":{"0":2,"1":4,"2":114},"f":{"0":4,"1":114},"b":{"0":[0],"1":[1]},"_coverageSchema":"332fd63041d2c1bcb487cc26dd0d5f7d97098a6c","hash":"453fd2ac4d602a1592efbfa2817c77a37653c9e7"}
,"/Users/vincentspeelman/Projects/react-shed/src/strip-unit.js": {"path":"/Users/vincentspeelman/Projects/react-shed/src/strip-unit.js","statementMap":{"0":{"start":{"line":1,"column":22},"end":{"line":1,"column":105}}},"fnMap":{"0":{"name":"(anonymous_0)","decl":{"start":{"line":1,"column":15},"end":{"line":1,"column":16}},"loc":{"start":{"line":1,"column":22},"end":{"line":1,"column":105}},"line":1}},"branchMap":{},"s":{"0":13},"f":{"0":13},"b":{},"_coverageSchema":"332fd63041d2c1bcb487cc26dd0d5f7d97098a6c","hash":"9d70f72e72260e92afc5d796071fa67f98dcb5c0"}
}
