{"/Users/vincentspeelman/Projects/react-shed/src/clean-props.js": {"path":"/Users/vincentspeelman/Projects/react-shed/src/clean-props.js","statementMap":{"0":{"start":{"line":6,"column":27},"end":{"line":6,"column":67}}},"fnMap":{"0":{"name":"(anonymous_0)","decl":{"start":{"line":6,"column":15},"end":{"line":6,"column":16}},"loc":{"start":{"line":6,"column":27},"end":{"line":6,"column":67}},"line":6}},"branchMap":{},"s":{"0":1},"f":{"0":1},"b":{},"_coverageSchema":"332fd63041d2c1bcb487cc26dd0d5f7d97098a6c","hash":"334d86b169c28242fb33e507598cb93c4fa7884b"}
,"/Users/vincentspeelman/Projects/react-shed/src/create-theme.js": {"path":"/Users/vincentspeelman/Projects/react-shed/src/create-theme.js","statementMap":{"0":{"start":{"line":9,"column":20},"end":{"line":80,"column":1}},"1":{"start":{"line":27,"column":25},"end":{"line":27,"column":27}},"2":{"start":{"line":29,"column":2},"end":{"line":31,"column":3}},"3":{"start":{"line":30,"column":4},"end":{"line":30,"column":67}},"4":{"start":{"line":33,"column":23},"end":{"line":42,"column":3}},"5":{"start":{"line":37,"column":27},"end":{"line":40,"column":5}},"6":{"start":{"line":44,"column":2},"end":{"line":46,"column":3}},"7":{"start":{"line":45,"column":4},"end":{"line":45,"column":57}},"8":{"start":{"line":48,"column":2},"end":{"line":50,"column":3}},"9":{"start":{"line":49,"column":4},"end":{"line":49,"column":43}},"10":{"start":{"line":52,"column":2},"end":{"line":58,"column":3}},"11":{"start":{"line":53,"column":4},"end":{"line":57,"column":7}},"12":{"start":{"line":60,"column":2},"end":{"line":62,"column":3}},"13":{"start":{"line":61,"column":4},"end":{"line":61,"column":45}},"14":{"start":{"line":64,"column":2},"end":{"line":71,"column":3}},"15":{"start":{"line":65,"column":4},"end":{"line":70,"column":7}},"16":{"start":{"line":73,"column":2},"end":{"line":79,"column":4}}},"fnMap":{"0":{"name":"(anonymous_0)","decl":{"start":{"line":9,"column":20},"end":{"line":9,"column":21}},"loc":{"start":{"line":26,"column":5},"end":{"line":80,"column":1}},"line":26},"1":{"name":"(anonymous_1)","decl":{"start":{"line":37,"column":11},"end":{"line":37,"column":12}},"loc":{"start":{"line":37,"column":27},"end":{"line":40,"column":5}},"line":37}},"branchMap":{"0":{"loc":{"start":{"line":10,"column":2},"end":{"line":25,"column":3}},"type":"default-arg","locations":[{"start":{"line":10,"column":14},"end":{"line":25,"column":3}}],"line":10},"1":{"loc":{"start":{"line":29,"column":2},"end":{"line":31,"column":3}},"type":"if","locations":[{"start":{"line":29,"column":2},"end":{"line":31,"column":3}},{"start":{"line":29,"column":2},"end":{"line":31,"column":3}}],"line":29},"2":{"loc":{"start":{"line":29,"column":6},"end":{"line":29,"column":59}},"type":"binary-expr","locations":[{"start":{"line":29,"column":6},"end":{"line":29,"column":21}},{"start":{"line":29,"column":25},"end":{"line":29,"column":59}}],"line":29},"3":{"loc":{"start":{"line":44,"column":2},"end":{"line":46,"column":3}},"type":"if","locations":[{"start":{"line":44,"column":2},"end":{"line":46,"column":3}},{"start":{"line":44,"column":2},"end":{"line":46,"column":3}}],"line":44},"4":{"loc":{"start":{"line":44,"column":6},"end":{"line":44,"column":59}},"type":"binary-expr","locations":[{"start":{"line":44,"column":6},"end":{"line":44,"column":21}},{"start":{"line":44,"column":25},"end":{"line":44,"column":59}}],"line":44},"5":{"loc":{"start":{"line":48,"column":2},"end":{"line":50,"column":3}},"type":"if","locations":[{"start":{"line":48,"column":2},"end":{"line":50,"column":3}},{"start":{"line":48,"column":2},"end":{"line":50,"column":3}}],"line":48},"6":{"loc":{"start":{"line":48,"column":6},"end":{"line":48,"column":59}},"type":"binary-expr","locations":[{"start":{"line":48,"column":6},"end":{"line":48,"column":21}},{"start":{"line":48,"column":25},"end":{"line":48,"column":59}}],"line":48},"7":{"loc":{"start":{"line":52,"column":2},"end":{"line":58,"column":3}},"type":"if","locations":[{"start":{"line":52,"column":2},"end":{"line":58,"column":3}},{"start":{"line":52,"column":2},"end":{"line":58,"column":3}}],"line":52},"8":{"loc":{"start":{"line":52,"column":6},"end":{"line":52,"column":59}},"type":"binary-expr","locations":[{"start":{"line":52,"column":6},"end":{"line":52,"column":21}},{"start":{"line":52,"column":25},"end":{"line":52,"column":59}}],"line":52},"9":{"loc":{"start":{"line":60,"column":2},"end":{"line":62,"column":3}},"type":"if","locations":[{"start":{"line":60,"column":2},"end":{"line":62,"column":3}},{"start":{"line":60,"column":2},"end":{"line":62,"column":3}}],"line":60},"10":{"loc":{"start":{"line":60,"column":6},"end":{"line":60,"column":61}},"type":"binary-expr","locations":[{"start":{"line":60,"column":6},"end":{"line":60,"column":22}},{"start":{"line":60,"column":26},"end":{"line":60,"column":61}}],"line":60},"11":{"loc":{"start":{"line":64,"column":2},"end":{"line":71,"column":3}},"type":"if","locations":[{"start":{"line":64,"column":2},"end":{"line":71,"column":3}},{"start":{"line":64,"column":2},"end":{"line":71,"column":3}}],"line":64},"12":{"loc":{"start":{"line":64,"column":6},"end":{"line":64,"column":61}},"type":"binary-expr","locations":[{"start":{"line":64,"column":6},"end":{"line":64,"column":22}},{"start":{"line":64,"column":26},"end":{"line":64,"column":61}}],"line":64}},"s":{"0":1,"1":3,"2":3,"3":1,"4":3,"5":0,"6":3,"7":0,"8":3,"9":1,"10":3,"11":1,"12":2,"13":1,"14":2,"15":1,"16":1},"f":{"0":3,"1":0},"b":{"0":[0],"1":[1,2],"2":[3,1],"3":[0,3],"4":[3,1],"5":[1,2],"6":[3,2],"7":[1,2],"8":[3,2],"9":[1,1],"10":[2,2],"11":[1,1],"12":[2,2]},"_coverageSchema":"332fd63041d2c1bcb487cc26dd0d5f7d97098a6c","hash":"9eaefe3da47458ad71c85582365feebbc06d9ec1"}
,"/Users/vincentspeelman/Projects/react-shed/src/get-size.js": {"path":"/Users/vincentspeelman/Projects/react-shed/src/get-size.js","statementMap":{"0":{"start":{"line":10,"column":16},"end":{"line":52,"column":1}},"1":{"start":{"line":11,"column":2},"end":{"line":50,"column":3}},"2":{"start":{"line":12,"column":4},"end":{"line":14,"column":5}},"3":{"start":{"line":13,"column":6},"end":{"line":13,"column":19}},"4":{"start":{"line":16,"column":19},"end":{"line":16,"column":40}},"5":{"start":{"line":17,"column":4},"end":{"line":23,"column":5}},"6":{"start":{"line":18,"column":6},"end":{"line":22,"column":15}},"7":{"start":{"line":19,"column":30},"end":{"line":19,"column":60}},"8":{"start":{"line":25,"column":4},"end":{"line":49,"column":5}},"9":{"start":{"line":27,"column":8},"end":{"line":27,"column":22}},"10":{"start":{"line":29,"column":8},"end":{"line":29,"column":22}},"11":{"start":{"line":32,"column":8},"end":{"line":36,"column":9}},"12":{"start":{"line":33,"column":10},"end":{"line":35,"column":56}},"13":{"start":{"line":38,"column":26},"end":{"line":38,"column":48}},"14":{"start":{"line":39,"column":23},"end":{"line":39,"column":52}},"15":{"start":{"line":41,"column":8},"end":{"line":47,"column":9}},"16":{"start":{"line":42,"column":10},"end":{"line":44,"column":11}},"17":{"start":{"line":43,"column":12},"end":{"line":43,"column":26}},"18":{"start":{"line":46,"column":10},"end":{"line":46,"column":108}},"19":{"start":{"line":51,"column":2},"end":{"line":51,"column":15}},"20":{"start":{"line":54,"column":38},"end":{"line":54,"column":58}}},"fnMap":{"0":{"name":"(anonymous_0)","decl":{"start":{"line":10,"column":16},"end":{"line":10,"column":17}},"loc":{"start":{"line":10,"column":41},"end":{"line":52,"column":1}},"line":10},"1":{"name":"(anonymous_1)","decl":{"start":{"line":19,"column":15},"end":{"line":19,"column":16}},"loc":{"start":{"line":19,"column":30},"end":{"line":19,"column":60}},"line":19},"2":{"name":"(anonymous_2)","decl":{"start":{"line":54,"column":21},"end":{"line":54,"column":22}},"loc":{"start":{"line":54,"column":38},"end":{"line":54,"column":58}},"line":54}},"branchMap":{"0":{"loc":{"start":{"line":10,"column":24},"end":{"line":10,"column":36}},"type":"default-arg","locations":[{"start":{"line":10,"column":32},"end":{"line":10,"column":36}}],"line":10},"1":{"loc":{"start":{"line":11,"column":2},"end":{"line":50,"column":3}},"type":"if","locations":[{"start":{"line":11,"column":2},"end":{"line":50,"column":3}},{"start":{"line":11,"column":2},"end":{"line":50,"column":3}}],"line":11},"2":{"loc":{"start":{"line":12,"column":4},"end":{"line":14,"column":5}},"type":"if","locations":[{"start":{"line":12,"column":4},"end":{"line":14,"column":5}},{"start":{"line":12,"column":4},"end":{"line":14,"column":5}}],"line":12},"3":{"loc":{"start":{"line":12,"column":8},"end":{"line":12,"column":66}},"type":"binary-expr","locations":[{"start":{"line":12,"column":8},"end":{"line":12,"column":13}},{"start":{"line":12,"column":17},"end":{"line":12,"column":28}},{"start":{"line":12,"column":32},"end":{"line":12,"column":66}}],"line":12},"4":{"loc":{"start":{"line":17,"column":4},"end":{"line":23,"column":5}},"type":"if","locations":[{"start":{"line":17,"column":4},"end":{"line":23,"column":5}},{"start":{"line":17,"column":4},"end":{"line":23,"column":5}}],"line":17},"5":{"loc":{"start":{"line":19,"column":30},"end":{"line":19,"column":60}},"type":"cond-expr","locations":[{"start":{"line":19,"column":45},"end":{"line":19,"column":54}},{"start":{"line":19,"column":57},"end":{"line":19,"column":60}}],"line":19},"6":{"loc":{"start":{"line":25,"column":4},"end":{"line":49,"column":5}},"type":"switch","locations":[{"start":{"line":26,"column":6},"end":{"line":27,"column":22}},{"start":{"line":28,"column":6},"end":{"line":29,"column":22}},{"start":{"line":30,"column":6},"end":{"line":48,"column":7}}],"line":25},"7":{"loc":{"start":{"line":32,"column":8},"end":{"line":36,"column":9}},"type":"if","locations":[{"start":{"line":32,"column":8},"end":{"line":36,"column":9}},{"start":{"line":32,"column":8},"end":{"line":36,"column":9}}],"line":32},"8":{"loc":{"start":{"line":32,"column":12},"end":{"line":32,"column":64}},"type":"binary-expr","locations":[{"start":{"line":32,"column":12},"end":{"line":32,"column":36}},{"start":{"line":32,"column":40},"end":{"line":32,"column":64}}],"line":32},"9":{"loc":{"start":{"line":33,"column":25},"end":{"line":35,"column":55}},"type":"cond-expr","locations":[{"start":{"line":34,"column":14},"end":{"line":34,"column":49}},{"start":{"line":35,"column":14},"end":{"line":35,"column":55}}],"line":33},"10":{"loc":{"start":{"line":35,"column":14},"end":{"line":35,"column":55}},"type":"binary-expr","locations":[{"start":{"line":35,"column":14},"end":{"line":35,"column":46}},{"start":{"line":35,"column":50},"end":{"line":35,"column":55}}],"line":35},"11":{"loc":{"start":{"line":42,"column":10},"end":{"line":44,"column":11}},"type":"if","locations":[{"start":{"line":42,"column":10},"end":{"line":44,"column":11}},{"start":{"line":42,"column":10},"end":{"line":44,"column":11}}],"line":42}},"s":{"0":1,"1":13,"2":13,"3":4,"4":9,"5":9,"6":2,"7":4,"8":7,"9":1,"10":1,"11":5,"12":5,"13":5,"14":5,"15":5,"16":5,"17":4,"18":1,"19":0,"20":13},"f":{"0":13,"1":4,"2":13},"b":{"0":[0],"1":[13,0],"2":[4,9],"3":[13,13,13],"4":[2,7],"5":[2,2],"6":[1,1,5],"7":[5,0],"8":[5,5],"9":[3,2],"10":[2,0],"11":[4,0]},"_coverageSchema":"332fd63041d2c1bcb487cc26dd0d5f7d97098a6c","hash":"9392607681e6feb08cf900d08629b74d74eb5474"}
,"/Users/vincentspeelman/Projects/react-shed/src/is-valid.js": {"path":"/Users/vincentspeelman/Projects/react-shed/src/is-valid.js","statementMap":{"0":{"start":{"line":8,"column":16},"end":{"line":25,"column":1}},"1":{"start":{"line":9,"column":22},"end":{"line":16,"column":3}},"2":{"start":{"line":18,"column":2},"end":{"line":22,"column":3}},"3":{"start":{"line":19,"column":4},"end":{"line":21,"column":6}},"4":{"start":{"line":24,"column":2},"end":{"line":24,"column":14}}},"fnMap":{"0":{"name":"(anonymous_0)","decl":{"start":{"line":8,"column":16},"end":{"line":8,"column":17}},"loc":{"start":{"line":8,"column":32},"end":{"line":25,"column":1}},"line":8}},"branchMap":{"0":{"loc":{"start":{"line":18,"column":2},"end":{"line":22,"column":3}},"type":"if","locations":[{"start":{"line":18,"column":2},"end":{"line":22,"column":3}},{"start":{"line":18,"column":2},"end":{"line":22,"column":3}}],"line":18},"1":{"loc":{"start":{"line":20,"column":48},"end":{"line":20,"column":72}},"type":"cond-expr","locations":[{"start":{"line":20,"column":56},"end":{"line":20,"column":67}},{"start":{"line":20,"column":70},"end":{"line":20,"column":72}}],"line":20}},"s":{"0":1,"1":4,"2":4,"3":2,"4":2},"f":{"0":4},"b":{"0":[2,2],"1":[2,0]},"_coverageSchema":"332fd63041d2c1bcb487cc26dd0d5f7d97098a6c","hash":"bd25e0ed79898ecaae6d6797e6921a8111f3e9f3"}
,"/Users/vincentspeelman/Projects/react-shed/src/props-map.js": {"path":"/Users/vincentspeelman/Projects/react-shed/src/props-map.js","statementMap":{},"fnMap":{},"branchMap":{},"s":{},"f":{},"b":{},"_coverageSchema":"332fd63041d2c1bcb487cc26dd0d5f7d97098a6c","hash":"a3d5e5db1c367eec80c1667ea802b3200334e30d"}
,"/Users/vincentspeelman/Projects/react-shed/src/sizes.js": {"path":"/Users/vincentspeelman/Projects/react-shed/src/sizes.js","statementMap":{"0":{"start":{"line":4,"column":14},"end":{"line":18,"column":3}},"1":{"start":{"line":7,"column":5},"end":{"line":18,"column":3}},"2":{"start":{"line":9,"column":23},"end":{"line":16,"column":5}}},"fnMap":{"0":{"name":"(anonymous_0)","decl":{"start":{"line":4,"column":14},"end":{"line":4,"column":15}},"loc":{"start":{"line":7,"column":5},"end":{"line":18,"column":3}},"line":7},"1":{"name":"(anonymous_1)","decl":{"start":{"line":9,"column":4},"end":{"line":9,"column":5}},"loc":{"start":{"line":9,"column":23},"end":{"line":16,"column":5}},"line":9}},"branchMap":{"0":{"loc":{"start":{"line":5,"column":2},"end":{"line":5,"column":24}},"type":"default-arg","locations":[{"start":{"line":5,"column":10},"end":{"line":5,"column":24}}],"line":5},"1":{"loc":{"start":{"line":6,"column":2},"end":{"line":6,"column":13}},"type":"default-arg","locations":[{"start":{"line":6,"column":11},"end":{"line":6,"column":13}}],"line":6}},"s":{"0":2,"1":4,"2":114},"f":{"0":4,"1":114},"b":{"0":[0],"1":[1]},"_coverageSchema":"332fd63041d2c1bcb487cc26dd0d5f7d97098a6c","hash":"453fd2ac4d602a1592efbfa2817c77a37653c9e7"}
,"/Users/vincentspeelman/Projects/react-shed/src/strip-unit.js": {"path":"/Users/vincentspeelman/Projects/react-shed/src/strip-unit.js","statementMap":{"0":{"start":{"line":1,"column":22},"end":{"line":1,"column":105}}},"fnMap":{"0":{"name":"(anonymous_0)","decl":{"start":{"line":1,"column":15},"end":{"line":1,"column":16}},"loc":{"start":{"line":1,"column":22},"end":{"line":1,"column":105}},"line":1}},"branchMap":{},"s":{"0":9},"f":{"0":9},"b":{},"_coverageSchema":"332fd63041d2c1bcb487cc26dd0d5f7d97098a6c","hash":"9d70f72e72260e92afc5d796071fa67f98dcb5c0"}
}
