TN:
SF:/Users/vincentspeelman/Projects/react-shed/src/clean-props.js
FN:6,(anonymous_0)
FNF:1
FNH:1
FNDA:1,(anonymous_0)
DA:6,1
LF:1
LH:1
BRF:0
BRH:0
end_of_record
TN:
SF:/Users/vincentspeelman/Projects/react-shed/src/create-theme.js
FN:9,(anonymous_0)
FN:37,(anonymous_1)
FNF:2
FNH:1
FNDA:3,(anonymous_0)
FNDA:0,(anonymous_1)
DA:9,1
DA:27,3
DA:29,3
DA:30,1
DA:33,3
DA:37,0
DA:44,3
DA:45,0
DA:48,3
DA:49,1
DA:52,3
DA:53,1
DA:60,2
DA:61,1
DA:64,2
DA:65,1
DA:73,1
LF:17
LH:15
BRDA:10,0,0,0
BRDA:29,1,0,1
BRDA:29,1,1,2
BRDA:29,2,0,3
BRDA:29,2,1,1
BRDA:44,3,0,0
BRDA:44,3,1,3
BRDA:44,4,0,3
BRDA:44,4,1,1
BRDA:48,5,0,1
BRDA:48,5,1,2
BRDA:48,6,0,3
BRDA:48,6,1,2
BRDA:52,7,0,1
BRDA:52,7,1,2
BRDA:52,8,0,3
BRDA:52,8,1,2
BRDA:60,9,0,1
BRDA:60,9,1,1
BRDA:60,10,0,2
BRDA:60,10,1,2
BRDA:64,11,0,1
BRDA:64,11,1,1
BRDA:64,12,0,2
BRDA:64,12,1,2
BRF:25
BRH:23
end_of_record
TN:
SF:/Users/vincentspeelman/Projects/react-shed/src/get-size.js
FN:10,(anonymous_0)
FN:19,(anonymous_1)
FN:54,(anonymous_2)
FNF:3
FNH:3
FNDA:13,(anonymous_0)
FNDA:4,(anonymous_1)
FNDA:13,(anonymous_2)
DA:10,1
DA:11,13
DA:12,13
DA:13,4
DA:16,9
DA:17,9
DA:18,2
DA:19,4
DA:25,7
DA:27,1
DA:29,1
DA:32,5
DA:33,5
DA:38,5
DA:39,5
DA:41,5
DA:42,5
DA:43,4
DA:46,1
DA:51,0
DA:54,13
LF:21
LH:20
BRDA:10,0,0,0
BRDA:11,1,0,13
BRDA:11,1,1,0
BRDA:12,2,0,4
BRDA:12,2,1,9
BRDA:12,3,0,13
BRDA:12,3,1,13
BRDA:12,3,2,13
BRDA:17,4,0,2
BRDA:17,4,1,7
BRDA:19,5,0,2
BRDA:19,5,1,2
BRDA:25,6,0,1
BRDA:25,6,1,1
BRDA:25,6,2,5
BRDA:32,7,0,5
BRDA:32,7,1,0
BRDA:32,8,0,5
BRDA:32,8,1,5
BRDA:33,9,0,3
BRDA:33,9,1,2
BRDA:35,10,0,2
BRDA:35,10,1,0
BRDA:42,11,0,4
BRDA:42,11,1,0
BRF:25
BRH:20
end_of_record
TN:
SF:/Users/vincentspeelman/Projects/react-shed/src/is-valid.js
FN:8,(anonymous_0)
FNF:1
FNH:1
FNDA:4,(anonymous_0)
DA:8,1
DA:9,4
DA:18,4
DA:19,2
DA:24,2
LF:5
LH:5
BRDA:18,0,0,2
BRDA:18,0,1,2
BRDA:20,1,0,2
BRDA:20,1,1,0
BRF:4
BRH:3
end_of_record
TN:
SF:/Users/vincentspeelman/Projects/react-shed/src/props-map.js
FNF:0
FNH:0
LF:0
LH:0
BRF:0
BRH:0
end_of_record
TN:
SF:/Users/vincentspeelman/Projects/react-shed/src/sizes.js
FN:4,(anonymous_0)
FN:9,(anonymous_1)
FNF:2
FNH:2
FNDA:4,(anonymous_0)
FNDA:114,(anonymous_1)
DA:4,2
DA:7,4
DA:9,114
LF:3
LH:3
BRDA:5,0,0,0
BRDA:6,1,0,1
BRF:2
BRH:1
end_of_record
TN:
SF:/Users/vincentspeelman/Projects/react-shed/src/strip-unit.js
FN:1,(anonymous_0)
FNF:1
FNH:1
FNDA:9,(anonymous_0)
DA:1,9
LF:1
LH:1
BRF:0
BRH:0
end_of_record
