TN:
SF:/Users/vincentspeelman/Projects/react-shed/src/clean-props.js
FN:6,(anonymous_0)
FNF:1
FNH:1
FNDA:1,(anonymous_0)
DA:6,1
LF:1
LH:1
BRF:0
BRH:0
end_of_record
TN:
SF:/Users/vincentspeelman/Projects/react-shed/src/create-error.js
FN:6,(anonymous_0)
FN:7,(anonymous_1)
FN:10,(anonymous_2)
FN:22,(anonymous_3)
FNF:4
FNH:4
FNDA:69,(anonymous_0)
FNDA:10,(anonymous_1)
FNDA:10,(anonymous_2)
FNDA:10,(anonymous_3)
DA:6,69
DA:7,19
DA:10,19
DA:22,10
LF:4
LH:4
BRDA:10,0,0,0
BRF:1
BRH:0
end_of_record
TN:
SF:/Users/vincentspeelman/Projects/react-shed/src/create-theme.js
FN:9,(anonymous_0)
FN:37,(anonymous_1)
FNF:2
FNH:1
FNDA:3,(anonymous_0)
FNDA:0,(anonymous_1)
DA:9,1
DA:27,3
DA:29,3
DA:30,1
DA:33,3
DA:37,0
DA:44,3
DA:45,0
DA:48,3
DA:49,1
DA:52,3
DA:53,1
DA:60,2
DA:61,1
DA:64,2
DA:65,1
DA:73,1
LF:17
LH:15
BRDA:10,0,0,0
BRDA:29,1,0,1
BRDA:29,1,1,2
BRDA:29,2,0,3
BRDA:29,2,1,1
BRDA:44,3,0,0
BRDA:44,3,1,3
BRDA:44,4,0,3
BRDA:44,4,1,1
BRDA:48,5,0,1
BRDA:48,5,1,2
BRDA:48,6,0,3
BRDA:48,6,1,2
BRDA:52,7,0,1
BRDA:52,7,1,2
BRDA:52,8,0,3
BRDA:52,8,1,2
BRDA:60,9,0,1
BRDA:60,9,1,1
BRDA:60,10,0,2
BRDA:60,10,1,2
BRDA:64,11,0,1
BRDA:64,11,1,1
BRDA:64,12,0,2
BRDA:64,12,1,2
BRF:25
BRH:23
end_of_record
TN:
SF:/Users/vincentspeelman/Projects/react-shed/src/get-margin-and-padding.js
FN:8,(anonymous_0)
FN:97,(anonymous_1)
FN:117,(anonymous_2)
FN:132,(anonymous_3)
FNF:4
FNH:4
FNDA:18,(anonymous_0)
FNDA:18,(anonymous_1)
FNDA:18,(anonymous_2)
FNDA:18,(anonymous_3)
DA:8,1
DA:9,18
DA:10,18
DA:11,18
DA:12,0
DA:15,18
DA:16,1
DA:19,18
DA:20,2
DA:23,18
DA:24,15
DA:27,17
DA:29,2
DA:33,2
DA:38,1
DA:43,1
DA:47,1
DA:51,1
DA:55,1
DA:60,2
DA:64,1
DA:69,1
DA:74,1
DA:78,1
DA:82,1
DA:86,1
DA:91,0
DA:94,0
DA:97,1
DA:98,18
DA:115,18
DA:116,18
DA:118,18
DA:119,18
DA:124,0
DA:129,0
DA:132,18
LF:37
LH:32
BRDA:8,0,0,0
BRDA:8,1,0,0
BRDA:9,2,0,18
BRDA:9,2,1,0
BRDA:11,3,0,0
BRDA:11,3,1,18
BRDA:15,4,0,1
BRDA:15,4,1,17
BRDA:15,5,0,18
BRDA:15,5,1,2
BRDA:19,6,0,2
BRDA:19,6,1,16
BRDA:23,7,0,15
BRDA:23,7,1,3
BRDA:23,8,0,18
BRDA:23,8,1,16
BRDA:27,9,0,2
BRDA:27,9,1,2
BRDA:27,9,2,1
BRDA:27,9,3,1
BRDA:27,9,4,1
BRDA:27,9,5,1
BRDA:27,9,6,1
BRDA:27,9,7,2
BRDA:27,9,8,1
BRDA:27,9,9,1
BRDA:27,9,10,1
BRDA:27,9,11,1
BRDA:27,9,12,1
BRDA:27,9,13,1
BRDA:27,9,14,0
BRDA:115,10,0,18
BRDA:115,10,1,0
BRDA:118,11,0,18
BRDA:118,11,1,0
BRF:35
BRH:28
end_of_record
TN:
SF:/Users/vincentspeelman/Projects/react-shed/src/get-prop-for-ac.js
FN:4,(anonymous_0)
FNF:1
FNH:1
FNDA:6,(anonymous_0)
DA:4,1
DA:5,6
DA:6,6
DA:8,1
DA:10,1
DA:12,1
DA:14,1
DA:16,0
DA:18,0
DA:20,0
DA:22,0
DA:24,0
DA:26,0
DA:28,0
DA:30,0
DA:32,0
DA:34,1
DA:37,1
DA:51,0
LF:19
LH:9
BRDA:4,0,0,0
BRDA:5,1,0,6
BRDA:5,1,1,0
BRDA:6,2,0,1
BRDA:6,2,1,1
BRDA:6,2,2,1
BRDA:6,2,3,1
BRDA:6,2,4,0
BRDA:6,2,5,0
BRDA:6,2,6,0
BRDA:6,2,7,0
BRDA:6,2,8,0
BRDA:6,2,9,0
BRDA:6,2,10,0
BRDA:6,2,11,0
BRDA:6,2,12,0
BRDA:6,2,13,1
BRDA:6,2,14,1
BRF:18
BRH:7
end_of_record
TN:
SF:/Users/vincentspeelman/Projects/react-shed/src/get-prop-for-ai.js
FN:4,(anonymous_0)
FNF:1
FNH:1
FNDA:10,(anonymous_0)
DA:4,1
DA:5,10
DA:6,10
DA:8,1
DA:10,1
DA:12,1
DA:14,1
DA:16,1
DA:18,1
DA:20,1
DA:22,1
DA:24,1
DA:27,1
DA:39,0
LF:14
LH:13
BRDA:4,0,0,0
BRDA:5,1,0,10
BRDA:5,1,1,0
BRDA:6,2,0,1
BRDA:6,2,1,1
BRDA:6,2,2,1
BRDA:6,2,3,1
BRDA:6,2,4,1
BRDA:6,2,5,1
BRDA:6,2,6,1
BRDA:6,2,7,1
BRDA:6,2,8,1
BRDA:6,2,9,1
BRF:13
BRH:11
end_of_record
TN:
SF:/Users/vincentspeelman/Projects/react-shed/src/get-prop-for-cur.js
FN:3,(anonymous_0)
FNF:1
FNH:1
FNDA:11,(anonymous_0)
DA:3,1
DA:4,11
DA:5,11
DA:7,1
DA:9,1
DA:11,1
DA:13,1
DA:15,1
DA:17,1
DA:19,1
DA:21,1
DA:23,1
DA:25,1
DA:27,1
DA:31,0
LF:15
LH:14
BRDA:3,0,0,0
BRDA:4,1,0,11
BRDA:4,1,1,0
BRDA:5,2,0,1
BRDA:5,2,1,1
BRDA:5,2,2,1
BRDA:5,2,3,1
BRDA:5,2,4,1
BRDA:5,2,5,1
BRDA:5,2,6,1
BRDA:5,2,7,1
BRDA:5,2,8,1
BRDA:5,2,9,1
BRDA:5,2,10,1
BRF:14
BRH:12
end_of_record
TN:
SF:/Users/vincentspeelman/Projects/react-shed/src/get-prop-for-d.js
FN:4,(anonymous_0)
FNF:1
FNH:1
FNDA:13,(anonymous_0)
DA:4,1
DA:5,13
DA:6,13
DA:8,1
DA:10,1
DA:12,1
DA:14,1
DA:16,1
DA:18,0
DA:20,0
DA:22,1
DA:24,1
DA:26,1
DA:28,1
DA:30,1
DA:32,1
DA:34,1
DA:37,1
DA:51,0
LF:19
LH:16
BRDA:4,0,0,0
BRDA:5,1,0,13
BRDA:5,1,1,0
BRDA:6,2,0,1
BRDA:6,2,1,1
BRDA:6,2,2,1
BRDA:6,2,3,1
BRDA:6,2,4,1
BRDA:6,2,5,0
BRDA:6,2,6,0
BRDA:6,2,7,1
BRDA:6,2,8,1
BRDA:6,2,9,1
BRDA:6,2,10,1
BRDA:6,2,11,1
BRDA:6,2,12,1
BRDA:6,2,13,1
BRDA:6,2,14,1
BRF:18
BRH:14
end_of_record
TN:
SF:/Users/vincentspeelman/Projects/react-shed/src/get-prop-for-fl.js
FN:4,(anonymous_0)
FNF:1
FNH:1
FNDA:5,(anonymous_0)
DA:4,1
DA:5,5
DA:6,5
DA:8,1
DA:10,1
DA:12,1
DA:14,1
DA:16,1
DA:18,0
DA:28,0
LF:10
LH:8
BRDA:4,0,0,0
BRDA:5,1,0,5
BRDA:5,1,1,0
BRDA:6,2,0,1
BRDA:6,2,1,1
BRDA:6,2,2,1
BRDA:6,2,3,1
BRDA:6,2,4,1
BRDA:6,2,5,0
BRF:9
BRH:6
end_of_record
TN:
SF:/Users/vincentspeelman/Projects/react-shed/src/get-prop-for-flxb.js
FN:6,(anonymous_0)
FN:56,(anonymous_1)
FNF:2
FNH:2
FNDA:12,(anonymous_0)
FNDA:12,(anonymous_1)
DA:6,1
DA:7,12
DA:8,12
DA:10,1
DA:12,1
DA:14,1
DA:16,1
DA:18,1
DA:20,1
DA:22,1
DA:24,1
DA:26,1
DA:28,0
DA:30,1
DA:32,2
DA:33,1
DA:36,0
DA:53,0
DA:56,12
LF:19
LH:16
BRDA:7,0,0,12
BRDA:7,0,1,0
BRDA:8,1,0,1
BRDA:8,1,1,1
BRDA:8,1,2,1
BRDA:8,1,3,1
BRDA:8,1,4,1
BRDA:8,1,5,1
BRDA:8,1,6,1
BRDA:8,1,7,1
BRDA:8,1,8,1
BRDA:8,1,9,0
BRDA:8,1,10,1
BRDA:8,1,11,2
BRDA:32,2,0,1
BRDA:32,2,1,0
BRF:16
BRH:13
end_of_record
TN:
SF:/Users/vincentspeelman/Projects/react-shed/src/get-prop-for-flxd.js
FN:4,(anonymous_0)
FNF:1
FNH:1
FNDA:8,(anonymous_0)
DA:4,1
DA:5,8
DA:6,8
DA:8,1
DA:10,1
DA:12,1
DA:14,1
DA:16,1
DA:18,1
DA:20,1
DA:22,1
DA:25,0
DA:36,0
LF:13
LH:11
BRDA:4,0,0,0
BRDA:5,1,0,8
BRDA:5,1,1,0
BRDA:6,2,0,1
BRDA:6,2,1,1
BRDA:6,2,2,1
BRDA:6,2,3,1
BRDA:6,2,4,1
BRDA:6,2,5,1
BRDA:6,2,6,1
BRDA:6,2,7,1
BRDA:6,2,8,0
BRF:12
BRH:9
end_of_record
TN:
SF:/Users/vincentspeelman/Projects/react-shed/src/get-prop-for-flxw.js
FN:4,(anonymous_0)
FNF:1
FNH:1
FNDA:6,(anonymous_0)
DA:4,1
DA:5,6
DA:6,6
DA:8,1
DA:10,1
DA:12,1
DA:14,1
DA:16,1
DA:18,1
DA:21,0
DA:31,0
LF:11
LH:9
BRDA:4,0,0,0
BRDA:5,1,0,6
BRDA:5,1,1,0
BRDA:6,2,0,1
BRDA:6,2,1,1
BRDA:6,2,2,1
BRDA:6,2,3,1
BRDA:6,2,4,1
BRDA:6,2,5,1
BRDA:6,2,6,0
BRF:10
BRH:7
end_of_record
TN:
SF:/Users/vincentspeelman/Projects/react-shed/src/get-prop-for-fs.js
FN:4,(anonymous_0)
FNF:1
FNH:1
FNDA:6,(anonymous_0)
DA:4,1
DA:5,6
DA:6,6
DA:8,1
DA:10,1
DA:12,1
DA:14,1
DA:16,1
DA:18,1
DA:28,0
LF:10
LH:9
BRDA:4,0,0,0
BRDA:5,1,0,6
BRDA:5,1,1,0
BRDA:6,2,0,1
BRDA:6,2,1,1
BRDA:6,2,2,1
BRDA:6,2,3,1
BRDA:6,2,4,1
BRDA:6,2,5,1
BRF:9
BRH:7
end_of_record
TN:
SF:/Users/vincentspeelman/Projects/react-shed/src/get-prop-for-jc.js
FN:4,(anonymous_0)
FNF:1
FNH:1
FNDA:13,(anonymous_0)
DA:4,1
DA:5,13
DA:6,13
DA:8,1
DA:10,1
DA:12,1
DA:14,1
DA:16,1
DA:18,1
DA:20,1
DA:22,1
DA:24,1
DA:26,1
DA:28,1
DA:30,0
DA:32,1
DA:35,1
DA:48,0
LF:18
LH:16
BRDA:4,0,0,0
BRDA:5,1,0,13
BRDA:5,1,1,0
BRDA:6,2,0,1
BRDA:6,2,1,1
BRDA:6,2,2,1
BRDA:6,2,3,1
BRDA:6,2,4,1
BRDA:6,2,5,1
BRDA:6,2,6,1
BRDA:6,2,7,1
BRDA:6,2,8,1
BRDA:6,2,9,1
BRDA:6,2,10,1
BRDA:6,2,11,0
BRDA:6,2,12,1
BRDA:6,2,13,1
BRF:17
BRH:14
end_of_record
TN:
SF:/Users/vincentspeelman/Projects/react-shed/src/get-prop-for-lh.js
FN:6,(anonymous_0)
FN:40,(anonymous_1)
FNF:2
FNH:2
FNDA:7,(anonymous_0)
FNDA:7,(anonymous_1)
DA:6,1
DA:7,7
DA:8,7
DA:10,1
DA:12,1
DA:14,1
DA:16,0
DA:18,1
DA:20,1
DA:22,2
DA:23,2
DA:25,0
DA:37,0
DA:40,7
LF:14
LH:11
BRDA:7,0,0,7
BRDA:7,0,1,0
BRDA:8,1,0,1
BRDA:8,1,1,1
BRDA:8,1,2,1
BRDA:8,1,3,0
BRDA:8,1,4,1
BRDA:8,1,5,1
BRDA:8,1,6,2
BRDA:22,2,0,2
BRDA:22,2,1,0
BRF:11
BRH:8
end_of_record
TN:
SF:/Users/vincentspeelman/Projects/react-shed/src/get-prop-for-ls.js
FN:6,(anonymous_0)
FN:36,(anonymous_1)
FNF:2
FNH:2
FNDA:6,(anonymous_0)
FNDA:6,(anonymous_1)
DA:6,1
DA:7,6
DA:8,6
DA:10,1
DA:12,1
DA:14,1
DA:16,1
DA:18,1
DA:20,1
DA:21,1
DA:23,0
DA:33,0
DA:36,6
LF:13
LH:11
BRDA:6,0,0,0
BRDA:7,1,0,6
BRDA:7,1,1,0
BRDA:8,2,0,1
BRDA:8,2,1,1
BRDA:8,2,2,1
BRDA:8,2,3,1
BRDA:8,2,4,1
BRDA:8,2,5,1
BRDA:20,3,0,1
BRDA:20,3,1,0
BRF:11
BRH:8
end_of_record
TN:
SF:/Users/vincentspeelman/Projects/react-shed/src/get-prop-for-lst.js
FN:3,(anonymous_0)
FNF:1
FNH:1
FNDA:11,(anonymous_0)
DA:3,1
DA:4,11
DA:5,11
DA:7,1
DA:9,1
DA:11,1
DA:13,1
DA:15,1
DA:17,1
DA:19,1
DA:21,1
DA:23,1
DA:25,0
DA:27,1
DA:30,1
DA:34,0
LF:16
LH:14
BRDA:3,0,0,0
BRDA:4,1,0,11
BRDA:4,1,1,0
BRDA:5,2,0,1
BRDA:5,2,1,1
BRDA:5,2,2,1
BRDA:5,2,3,1
BRDA:5,2,4,1
BRDA:5,2,5,1
BRDA:5,2,6,1
BRDA:5,2,7,1
BRDA:5,2,8,1
BRDA:5,2,9,0
BRDA:5,2,10,1
BRDA:5,2,11,1
BRF:15
BRH:12
end_of_record
TN:
SF:/Users/vincentspeelman/Projects/react-shed/src/get-prop-for-o.js
FN:4,(anonymous_0)
FNF:1
FNH:1
FNDA:7,(anonymous_0)
DA:4,1
DA:5,7
DA:6,7
DA:8,1
DA:10,1
DA:12,1
DA:14,1
DA:16,1
DA:18,1
DA:20,1
DA:31,0
LF:11
LH:10
BRDA:4,0,0,0
BRDA:5,1,0,7
BRDA:5,1,1,0
BRDA:6,2,0,1
BRDA:6,2,1,1
BRDA:6,2,2,1
BRDA:6,2,3,1
BRDA:6,2,4,1
BRDA:6,2,5,1
BRDA:6,2,6,1
BRF:10
BRH:8
end_of_record
TN:
SF:/Users/vincentspeelman/Projects/react-shed/src/get-prop-for-op.js
FN:4,(anonymous_0)
FNF:1
FNH:1
FNDA:4,(anonymous_0)
DA:4,1
DA:5,4
DA:6,4
DA:7,1
DA:8,1
DA:9,0
DA:11,2
DA:12,2
DA:13,1
DA:21,1
DA:22,1
DA:23,0
DA:30,1
DA:36,0
LF:14
LH:11
BRDA:4,0,0,0
BRDA:5,1,0,4
BRDA:5,1,1,0
BRDA:6,2,0,1
BRDA:6,2,1,1
BRDA:6,2,2,0
BRDA:6,2,3,2
BRDA:12,3,0,1
BRDA:12,3,1,1
BRDA:21,4,0,1
BRDA:21,4,1,0
BRDA:22,5,0,0
BRDA:22,5,1,1
BRDA:22,6,0,1
BRDA:22,6,1,1
BRF:15
BRH:10
end_of_record
TN:
SF:/Users/vincentspeelman/Projects/react-shed/src/get-prop-for-ta.js
FN:4,(anonymous_0)
FNF:1
FNH:1
FNDA:6,(anonymous_0)
DA:4,1
DA:5,6
DA:6,6
DA:8,1
DA:10,1
DA:12,1
DA:14,1
DA:16,1
DA:18,1
DA:20,0
DA:31,0
LF:11
LH:9
BRDA:4,0,0,0
BRDA:5,1,0,6
BRDA:5,1,1,0
BRDA:6,2,0,1
BRDA:6,2,1,1
BRDA:6,2,2,1
BRDA:6,2,3,1
BRDA:6,2,4,1
BRDA:6,2,5,1
BRDA:6,2,6,0
BRF:10
BRH:7
end_of_record
TN:
SF:/Users/vincentspeelman/Projects/react-shed/src/get-prop-for-td.js
FN:4,(anonymous_0)
FNF:1
FNH:1
FNDA:7,(anonymous_0)
DA:4,1
DA:5,7
DA:6,7
DA:8,1
DA:10,1
DA:12,1
DA:14,1
DA:16,0
DA:18,1
DA:20,0
DA:22,1
DA:24,1
DA:36,0
LF:13
LH:10
BRDA:4,0,0,0
BRDA:5,1,0,7
BRDA:5,1,1,0
BRDA:6,2,0,1
BRDA:6,2,1,1
BRDA:6,2,2,1
BRDA:6,2,3,1
BRDA:6,2,4,0
BRDA:6,2,5,1
BRDA:6,2,6,0
BRDA:6,2,7,1
BRDA:6,2,8,1
BRF:12
BRH:8
end_of_record
TN:
SF:/Users/vincentspeelman/Projects/react-shed/src/get-prop-for-tt.js
FN:4,(anonymous_0)
FNF:1
FNH:1
FNDA:6,(anonymous_0)
DA:4,1
DA:5,6
DA:6,6
DA:8,1
DA:10,1
DA:12,1
DA:14,1
DA:16,1
DA:18,1
DA:20,0
DA:31,0
LF:11
LH:9
BRDA:4,0,0,0
BRDA:5,1,0,6
BRDA:5,1,1,0
BRDA:6,2,0,1
BRDA:6,2,1,1
BRDA:6,2,2,1
BRDA:6,2,3,1
BRDA:6,2,4,1
BRDA:6,2,5,1
BRDA:6,2,6,0
BRF:10
BRH:7
end_of_record
TN:
SF:/Users/vincentspeelman/Projects/react-shed/src/get-prop-for-ws.js
FN:4,(anonymous_0)
FNF:1
FNH:1
FNDA:9,(anonymous_0)
DA:4,1
DA:5,9
DA:6,9
DA:8,1
DA:10,1
DA:12,1
DA:14,1
DA:16,1
DA:18,1
DA:20,1
DA:22,1
DA:24,0
DA:26,1
DA:38,0
LF:14
LH:12
BRDA:4,0,0,0
BRDA:5,1,0,9
BRDA:5,1,1,0
BRDA:6,2,0,1
BRDA:6,2,1,1
BRDA:6,2,2,1
BRDA:6,2,3,1
BRDA:6,2,4,1
BRDA:6,2,5,1
BRDA:6,2,6,1
BRDA:6,2,7,1
BRDA:6,2,8,0
BRDA:6,2,9,1
BRF:13
BRH:10
end_of_record
TN:
SF:/Users/vincentspeelman/Projects/react-shed/src/get-props-for-br.js
FN:24,(anonymous_0)
FN:80,(anonymous_1)
FN:82,(anonymous_2)
FN:91,(anonymous_3)
FNF:4
FNH:4
FNDA:11,(anonymous_0)
FNDA:10,(anonymous_1)
FNDA:11,(anonymous_2)
FNDA:10,(anonymous_3)
DA:10,1
DA:24,1
DA:25,11
DA:26,11
DA:27,11
DA:28,0
DA:31,11
DA:33,1
DA:37,1
DA:42,1
DA:47,1
DA:52,1
DA:57,2
DA:61,1
DA:65,2
DA:69,1
DA:74,0
DA:77,0
DA:80,1
DA:81,10
DA:82,11
DA:91,10
LF:22
LH:19
BRDA:24,0,0,0
BRDA:25,1,0,11
BRDA:25,1,1,0
BRDA:27,2,0,0
BRDA:27,2,1,11
BRDA:31,3,0,1
BRDA:31,3,1,1
BRDA:31,3,2,1
BRDA:31,3,3,1
BRDA:31,3,4,1
BRDA:31,3,5,2
BRDA:31,3,6,1
BRDA:31,3,7,2
BRDA:31,3,8,1
BRDA:31,3,9,0
BRDA:80,4,0,0
BRF:16
BRH:11
end_of_record
TN:
SF:/Users/vincentspeelman/Projects/react-shed/src/get-props-for-color.js
FN:5,(anonymous_0)
FN:28,(anonymous_1)
FNF:2
FNH:2
FNDA:5,(anonymous_0)
FNDA:5,(anonymous_1)
DA:5,1
DA:6,5
DA:7,5
DA:8,5
DA:9,1
DA:11,4
DA:12,1
DA:14,3
DA:15,1
DA:17,2
DA:18,2
DA:19,1
DA:21,1
DA:23,0
DA:25,0
DA:28,5
LF:16
LH:14
BRDA:6,0,0,5
BRDA:6,0,1,0
BRDA:7,1,0,5
BRDA:7,1,1,0
BRDA:8,2,0,1
BRDA:8,2,1,4
BRDA:11,3,0,1
BRDA:11,3,1,3
BRDA:14,4,0,1
BRDA:14,4,1,2
BRDA:14,5,0,3
BRDA:14,5,1,3
BRDA:18,6,0,1
BRDA:18,6,1,1
BRF:14
BRH:12
end_of_record
TN:
SF:/Users/vincentspeelman/Projects/react-shed/src/get-props-for-pos.js
FN:4,(anonymous_0)
FNF:1
FNH:1
FNDA:9,(anonymous_0)
DA:4,1
DA:5,9
DA:6,9
DA:8,1
DA:10,1
DA:12,1
DA:14,1
DA:16,1
DA:18,1
DA:25,1
DA:27,1
DA:29,1
DA:41,0
LF:13
LH:12
BRDA:4,0,0,0
BRDA:5,1,0,9
BRDA:5,1,1,0
BRDA:6,2,0,1
BRDA:6,2,1,1
BRDA:6,2,2,1
BRDA:6,2,3,1
BRDA:6,2,4,1
BRDA:6,2,5,1
BRDA:6,2,6,1
BRDA:6,2,7,1
BRDA:6,2,8,1
BRF:12
BRH:10
end_of_record
TN:
SF:/Users/vincentspeelman/Projects/react-shed/src/get-props-for-va.js
FN:4,(anonymous_0)
FNF:1
FNH:1
FNDA:7,(anonymous_0)
DA:4,1
DA:5,7
DA:6,7
DA:8,1
DA:12,1
DA:16,1
DA:20,1
DA:24,1
DA:30,1
DA:34,1
DA:38,0
DA:50,0
LF:12
LH:10
BRDA:4,0,0,0
BRDA:5,1,0,7
BRDA:5,1,1,0
BRDA:6,2,0,1
BRDA:6,2,1,1
BRDA:6,2,2,1
BRDA:6,2,3,1
BRDA:6,2,4,1
BRDA:6,2,5,1
BRDA:6,2,6,1
BRDA:6,2,7,0
BRF:11
BRH:8
end_of_record
TN:
SF:/Users/vincentspeelman/Projects/react-shed/src/get-size.js
FN:10,(anonymous_0)
FN:19,(anonymous_1)
FN:54,(anonymous_2)
FNF:3
FNH:3
FNDA:42,(anonymous_0)
FNDA:4,(anonymous_1)
FNDA:42,(anonymous_2)
DA:10,4
DA:11,42
DA:12,42
DA:13,4
DA:16,38
DA:17,38
DA:18,2
DA:19,4
DA:25,36
DA:27,1
DA:29,1
DA:32,34
DA:33,34
DA:38,34
DA:39,34
DA:41,34
DA:42,34
DA:43,31
DA:46,3
DA:51,0
DA:54,42
LF:21
LH:20
BRDA:10,0,0,0
BRDA:11,1,0,42
BRDA:11,1,1,0
BRDA:12,2,0,4
BRDA:12,2,1,38
BRDA:12,3,0,42
BRDA:12,3,1,42
BRDA:12,3,2,42
BRDA:17,4,0,2
BRDA:17,4,1,36
BRDA:19,5,0,2
BRDA:19,5,1,2
BRDA:25,6,0,1
BRDA:25,6,1,1
BRDA:25,6,2,34
BRDA:32,7,0,34
BRDA:32,7,1,0
BRDA:32,8,0,34
BRDA:32,8,1,34
BRDA:33,9,0,3
BRDA:33,9,1,31
BRDA:35,10,0,31
BRDA:35,10,1,0
BRDA:42,11,0,31
BRDA:42,11,1,0
BRF:25
BRH:20
end_of_record
TN:
SF:/Users/vincentspeelman/Projects/react-shed/src/is-valid.js
FN:8,(anonymous_0)
FN:35,(anonymous_1)
FNF:2
FNH:2
FNDA:207,(anonymous_0)
FNDA:207,(anonymous_1)
DA:8,25
DA:9,207
DA:10,207
DA:19,207
DA:20,2
DA:30,205
DA:32,0
DA:35,207
LF:8
LH:7
BRDA:9,0,0,207
BRDA:9,0,1,0
BRDA:19,1,0,2
BRDA:19,1,1,205
BRDA:21,2,0,2
BRDA:21,2,1,0
BRF:6
BRH:4
end_of_record
TN:
SF:/Users/vincentspeelman/Projects/react-shed/src/props-map.js
FNF:0
FNH:0
LF:0
LH:0
BRF:0
BRH:0
end_of_record
TN:
SF:/Users/vincentspeelman/Projects/react-shed/src/sizes.js
FN:4,(anonymous_0)
FN:9,(anonymous_1)
FNF:2
FNH:2
FNDA:4,(anonymous_0)
FNDA:114,(anonymous_1)
DA:4,2
DA:7,4
DA:9,114
LF:3
LH:3
BRDA:5,0,0,0
BRDA:6,1,0,1
BRF:2
BRH:1
end_of_record
TN:
SF:/Users/vincentspeelman/Projects/react-shed/src/strip-unit.js
FN:1,(anonymous_0)
FNF:1
FNH:1
FNDA:13,(anonymous_0)
DA:1,13
LF:1
LH:1
BRF:0
BRH:0
end_of_record
